2022-10-12 14:09:17,377  INFO [main] SauceDemo04thJuneBatch:41 - Browser is opened
2022-10-12 14:09:18,174  INFO [main] SauceDemo04thJuneBatch:45 - Browser is maximized
2022-10-12 14:09:22,274  INFO [main] SauceDemo04thJuneBatch:48 - URL is opened
2022-10-12 14:09:23,049  INFO [main] SauceDemo04thJuneBatch:57 - Username is entered
2022-10-12 14:09:23,239  INFO [main] SauceDemo04thJuneBatch:60 - Password is entered
2022-10-12 14:09:23,583  INFO [main] SauceDemo04thJuneBatch:63 - Clicked on login button
2022-10-12 14:09:27,151  INFO [main] SauceDemo04thJuneBatch:41 - Browser is opened
2022-10-12 14:09:27,584  INFO [main] SauceDemo04thJuneBatch:45 - Browser is maximized
2022-10-12 14:09:32,027  INFO [main] SauceDemo04thJuneBatch:48 - URL is opened
2022-10-12 14:09:32,525  INFO [main] SauceDemo04thJuneBatch:57 - Username is entered
2022-10-12 14:09:32,832  INFO [main] SauceDemo04thJuneBatch:60 - Password is entered
2022-10-12 14:09:33,209  INFO [main] SauceDemo04thJuneBatch:63 - Clicked on login button
2022-10-12 14:09:35,801  INFO [main] SauceDemo04thJuneBatch:41 - Browser is opened
2022-10-12 14:09:36,003  INFO [main] SauceDemo04thJuneBatch:45 - Browser is maximized
2022-10-12 14:09:40,756  INFO [main] SauceDemo04thJuneBatch:48 - URL is opened
2022-10-12 14:09:41,147  INFO [main] SauceDemo04thJuneBatch:57 - Username is entered
2022-10-12 14:09:41,375  INFO [main] SauceDemo04thJuneBatch:60 - Password is entered
2022-10-12 14:09:41,699  INFO [main] SauceDemo04thJuneBatch:63 - Clicked on login button
2022-10-12 14:09:41,955  INFO [main] SauceDemo04thJuneBatch:19 - apply the validation
2022-10-12 14:09:44,458  INFO [main] SauceDemo04thJuneBatch:41 - Browser is opened
2022-10-12 14:09:44,767  INFO [main] SauceDemo04thJuneBatch:45 - Browser is maximized
2022-10-12 14:09:48,257  INFO [main] SauceDemo04thJuneBatch:48 - URL is opened
2022-10-12 14:09:48,657  INFO [main] SauceDemo04thJuneBatch:57 - Username is entered
2022-10-12 14:09:48,916  INFO [main] SauceDemo04thJuneBatch:60 - Password is entered
2022-10-12 14:09:49,216  INFO [main] SauceDemo04thJuneBatch:63 - Clicked on login button
2022-10-12 14:18:12,394  INFO [TestNG-test=Test-4] SauceDemo04thJuneBatch:41 - Browser is opened
2022-10-12 14:18:12,391  INFO [TestNG-test=Test-3] SauceDemo04thJuneBatch:41 - Browser is opened
2022-10-12 14:18:12,388  INFO [TestNG-test=Test-1] SauceDemo04thJuneBatch:41 - Browser is opened
2022-10-12 14:18:12,397  INFO [TestNG-test=Test-2] SauceDemo04thJuneBatch:41 - Browser is opened
2022-10-12 14:18:12,918  INFO [TestNG-test=Test-3] SauceDemo04thJuneBatch:45 - Browser is maximized
2022-10-12 14:18:13,089  INFO [TestNG-test=Test-4] SauceDemo04thJuneBatch:45 - Browser is maximized
2022-10-12 14:18:13,211  INFO [TestNG-test=Test-1] SauceDemo04thJuneBatch:45 - Browser is maximized
2022-10-12 14:18:13,216  INFO [TestNG-test=Test-2] SauceDemo04thJuneBatch:45 - Browser is maximized
2022-10-12 14:18:22,464  INFO [TestNG-test=Test-3] SauceDemo04thJuneBatch:48 - URL is opened
2022-10-12 14:18:22,717  INFO [TestNG-test=Test-2] SauceDemo04thJuneBatch:48 - URL is opened
2022-10-12 14:18:24,102  INFO [TestNG-test=Test-4] SauceDemo04thJuneBatch:48 - URL is opened
2022-10-12 14:18:24,468  INFO [TestNG-test=Test-3] SauceDemo04thJuneBatch:57 - Username is entered
2022-10-12 14:18:24,487  INFO [TestNG-test=Test-2] SauceDemo04thJuneBatch:57 - Username is entered
2022-10-12 14:18:25,109  INFO [TestNG-test=Test-3] SauceDemo04thJuneBatch:60 - Password is entered
2022-10-12 14:18:25,143  INFO [TestNG-test=Test-2] SauceDemo04thJuneBatch:60 - Password is entered
2022-10-12 14:18:25,189  INFO [TestNG-test=Test-1] SauceDemo04thJuneBatch:48 - URL is opened
2022-10-12 14:18:25,604  INFO [TestNG-test=Test-4] SauceDemo04thJuneBatch:57 - Username is entered
2022-10-12 14:18:25,827  INFO [TestNG-test=Test-3] SauceDemo04thJuneBatch:63 - Clicked on login button
2022-10-12 14:18:26,131  INFO [TestNG-test=Test-2] SauceDemo04thJuneBatch:63 - Clicked on login button
2022-10-12 14:18:26,741  INFO [TestNG-test=Test-4] SauceDemo04thJuneBatch:60 - Password is entered
2022-10-12 14:18:26,771  INFO [TestNG-test=Test-3] SauceDemo04thJuneBatch:19 - apply the validation
2022-10-12 14:18:26,974  INFO [TestNG-test=Test-1] SauceDemo04thJuneBatch:57 - Username is entered
2022-10-12 14:18:27,599  INFO [TestNG-test=Test-1] SauceDemo04thJuneBatch:60 - Password is entered
2022-10-12 14:18:27,609  INFO [TestNG-test=Test-4] SauceDemo04thJuneBatch:63 - Clicked on login button
2022-10-12 14:18:28,176  INFO [TestNG-test=Test-1] SauceDemo04thJuneBatch:63 - Clicked on login button
2022-10-12 16:10:44,928  INFO [TestNG-test=Test-4] SauceDemo04thJuneBatch:41 - Browser is opened
2022-10-12 16:10:44,928  INFO [TestNG-test=Test-1] SauceDemo04thJuneBatch:41 - Browser is opened
2022-10-12 16:10:44,925  INFO [TestNG-test=Test-3] SauceDemo04thJuneBatch:41 - Browser is opened
2022-10-12 16:10:44,930  INFO [TestNG-test=Test-2] SauceDemo04thJuneBatch:41 - Browser is opened
2022-10-12 16:10:45,432  INFO [TestNG-test=Test-1] SauceDemo04thJuneBatch:45 - Browser is maximized
2022-10-12 16:10:45,559  INFO [TestNG-test=Test-2] SauceDemo04thJuneBatch:45 - Browser is maximized
2022-10-12 16:10:45,561  INFO [TestNG-test=Test-4] SauceDemo04thJuneBatch:45 - Browser is maximized
2022-10-12 16:10:45,581  INFO [TestNG-test=Test-3] SauceDemo04thJuneBatch:45 - Browser is maximized
2022-10-12 16:10:55,967  INFO [TestNG-test=Test-4] SauceDemo04thJuneBatch:48 - URL is opened
2022-10-12 16:10:56,129  INFO [TestNG-test=Test-1] SauceDemo04thJuneBatch:48 - URL is opened
2022-10-12 16:10:56,143  INFO [TestNG-test=Test-3] SauceDemo04thJuneBatch:48 - URL is opened
2022-10-12 16:10:58,562  INFO [TestNG-test=Test-1] SauceDemo04thJuneBatch:57 - Username is entered
2022-10-12 16:10:58,564  INFO [TestNG-test=Test-4] SauceDemo04thJuneBatch:57 - Username is entered
2022-10-12 16:10:58,593  INFO [TestNG-test=Test-3] SauceDemo04thJuneBatch:57 - Username is entered
2022-10-12 16:10:58,910  INFO [TestNG-test=Test-4] SauceDemo04thJuneBatch:60 - Password is entered
2022-10-12 16:10:58,960  INFO [TestNG-test=Test-1] SauceDemo04thJuneBatch:60 - Password is entered
2022-10-12 16:10:59,060  INFO [TestNG-test=Test-3] SauceDemo04thJuneBatch:60 - Password is entered
2022-10-12 16:10:59,634  INFO [TestNG-test=Test-2] SauceDemo04thJuneBatch:48 - URL is opened
2022-10-12 16:11:00,091  INFO [TestNG-test=Test-4] SauceDemo04thJuneBatch:63 - Clicked on login button
2022-10-12 16:11:00,408  INFO [TestNG-test=Test-1] SauceDemo04thJuneBatch:63 - Clicked on login button
2022-10-12 16:11:00,454  INFO [TestNG-test=Test-3] SauceDemo04thJuneBatch:63 - Clicked on login button
2022-10-12 16:11:00,963  INFO [TestNG-test=Test-3] SauceDemo04thJuneBatch:19 - apply the validation
2022-10-12 16:11:01,489  INFO [TestNG-test=Test-2] SauceDemo04thJuneBatch:57 - Username is entered
2022-10-12 16:11:02,254  INFO [TestNG-test=Test-2] SauceDemo04thJuneBatch:60 - Password is entered
2022-10-12 16:11:02,977  INFO [TestNG-test=Test-2] SauceDemo04thJuneBatch:63 - Clicked on login button
2022-10-12 16:15:22,041  INFO [TestNG-test=Test-3] SauceDemo04thJuneBatch:41 - Browser is opened
2022-10-12 16:15:22,038  INFO [TestNG-test=Test-2] SauceDemo04thJuneBatch:41 - Browser is opened
2022-10-12 16:15:22,043  INFO [TestNG-test=Test-1] SauceDemo04thJuneBatch:41 - Browser is opened
2022-10-12 16:15:22,392  INFO [TestNG-test=Test-4] SauceDemo04thJuneBatch:41 - Browser is opened
2022-10-12 16:15:22,848  INFO [TestNG-test=Test-1] SauceDemo04thJuneBatch:45 - Browser is maximized
2022-10-12 16:15:23,071  INFO [TestNG-test=Test-3] SauceDemo04thJuneBatch:45 - Browser is maximized
2022-10-12 16:15:23,281  INFO [TestNG-test=Test-2] SauceDemo04thJuneBatch:45 - Browser is maximized
2022-10-12 16:15:23,513  INFO [TestNG-test=Test-4] SauceDemo04thJuneBatch:45 - Browser is maximized
2022-10-12 16:15:29,740  INFO [TestNG-test=Test-1] SauceDemo04thJuneBatch:48 - URL is opened
2022-10-12 16:15:29,750  INFO [TestNG-test=Test-3] SauceDemo04thJuneBatch:48 - URL is opened
2022-10-12 16:15:30,328  INFO [TestNG-test=Test-4] SauceDemo04thJuneBatch:48 - URL is opened
2022-10-12 16:15:30,398  INFO [TestNG-test=Test-2] SauceDemo04thJuneBatch:48 - URL is opened
2022-10-12 16:15:32,985  INFO [TestNG-test=Test-3] SauceDemo04thJuneBatch:57 - Username is entered
2022-10-12 16:15:33,003  INFO [TestNG-test=Test-1] SauceDemo04thJuneBatch:57 - Username is entered
2022-10-12 16:15:33,022  INFO [TestNG-test=Test-2] SauceDemo04thJuneBatch:57 - Username is entered
2022-10-12 16:15:33,127  INFO [TestNG-test=Test-4] SauceDemo04thJuneBatch:57 - Username is entered
2022-10-12 16:15:33,559  INFO [TestNG-test=Test-2] SauceDemo04thJuneBatch:60 - Password is entered
2022-10-12 16:15:33,595  INFO [TestNG-test=Test-3] SauceDemo04thJuneBatch:60 - Password is entered
2022-10-12 16:15:33,650  INFO [TestNG-test=Test-4] SauceDemo04thJuneBatch:60 - Password is entered
2022-10-12 16:15:33,712  INFO [TestNG-test=Test-1] SauceDemo04thJuneBatch:60 - Password is entered
2022-10-12 16:15:34,945  INFO [TestNG-test=Test-1] SauceDemo04thJuneBatch:63 - Clicked on login button
2022-10-12 16:15:34,959  INFO [TestNG-test=Test-2] SauceDemo04thJuneBatch:63 - Clicked on login button
2022-10-12 16:15:34,964  INFO [TestNG-test=Test-3] SauceDemo04thJuneBatch:63 - Clicked on login button
2022-10-12 16:15:34,993  INFO [TestNG-test=Test-4] SauceDemo04thJuneBatch:63 - Clicked on login button
2022-10-12 16:15:35,695  INFO [TestNG-test=Test-3] SauceDemo04thJuneBatch:19 - apply the validation
2022-10-15 20:40:35,964  INFO [TestNG-test=TsetOnChromeBrowser-3] CopyPastSouceDemoProject:41 - Browser is opened
2022-10-15 20:40:35,987  INFO [TestNG-test=TsetOnChromeBrowser-1] CopyPastSouceDemoProject:41 - Browser is opened
2022-10-15 20:40:35,994  INFO [TestNG-test=TsetOnChromeBrowser-2] CopyPastSouceDemoProject:41 - Browser is opened
2022-10-15 20:40:36,001  INFO [TestNG-test=TsetOnChromeBrowser-4] CopyPastSouceDemoProject:41 - Browser is opened
2022-10-15 20:40:36,643  INFO [TestNG-test=TsetOnChromeBrowser-1] CopyPastSouceDemoProject:45 - Browser is maximized
2022-10-15 20:40:37,004  INFO [TestNG-test=TsetOnChromeBrowser-2] CopyPastSouceDemoProject:45 - Browser is maximized
2022-10-15 20:40:37,413  INFO [TestNG-test=TsetOnChromeBrowser-4] CopyPastSouceDemoProject:45 - Browser is maximized
2022-10-15 20:40:37,589  INFO [TestNG-test=TsetOnChromeBrowser-3] CopyPastSouceDemoProject:45 - Browser is maximized
2022-10-15 20:40:40,194  INFO [TestNG-test=TsetOnChromeBrowser-1] CopyPastSouceDemoProject:48 - URL is opened
2022-10-15 20:40:41,351  INFO [TestNG-test=TsetOnChromeBrowser-2] CopyPastSouceDemoProject:48 - URL is opened
2022-10-15 20:40:41,402  INFO [TestNG-test=TsetOnChromeBrowser-4] CopyPastSouceDemoProject:48 - URL is opened
2022-10-15 20:40:41,566  INFO [TestNG-test=TsetOnChromeBrowser-3] CopyPastSouceDemoProject:48 - URL is opened
2022-10-15 20:40:43,258  INFO [TestNG-test=TsetOnChromeBrowser-1] CopyPastSouceDemoProject:57 - Username is entered
2022-10-15 20:40:43,825  INFO [TestNG-test=TsetOnChromeBrowser-1] CopyPastSouceDemoProject:60 - Password is entered
2022-10-15 20:40:44,099  INFO [TestNG-test=TsetOnChromeBrowser-4] CopyPastSouceDemoProject:57 - Username is entered
2022-10-15 20:40:44,185  INFO [TestNG-test=TsetOnChromeBrowser-2] CopyPastSouceDemoProject:57 - Username is entered
2022-10-15 20:40:44,424  INFO [TestNG-test=TsetOnChromeBrowser-3] CopyPastSouceDemoProject:57 - Username is entered
2022-10-15 20:40:44,678  INFO [TestNG-test=TsetOnChromeBrowser-1] CopyPastSouceDemoProject:63 - Clicked on login button
2022-10-15 20:40:45,015  INFO [TestNG-test=TsetOnChromeBrowser-4] CopyPastSouceDemoProject:60 - Password is entered
2022-10-15 20:40:45,626  INFO [TestNG-test=TsetOnChromeBrowser-2] CopyPastSouceDemoProject:60 - Password is entered
2022-10-15 20:40:45,712  INFO [TestNG-test=TsetOnChromeBrowser-3] CopyPastSouceDemoProject:60 - Password is entered
2022-10-15 20:40:50,136  INFO [TestNG-test=TsetOnChromeBrowser-4] CopyPastSouceDemoProject:63 - Clicked on login button
2022-10-15 20:40:50,991  INFO [TestNG-test=TsetOnChromeBrowser-2] CopyPastSouceDemoProject:63 - Clicked on login button
2022-10-15 20:40:51,640  INFO [TestNG-test=TsetOnChromeBrowser-3] CopyPastSouceDemoProject:63 - Clicked on login button
2022-10-15 20:40:53,425  INFO [TestNG-test=TsetOnChromeBrowser-3] CopyPastSouceDemoProject:19 - apply the validation
2022-10-15 23:18:51,136  INFO [TestNG-test=TsetOnChromeBrowser-4] CopyPastSouceDemoProject:41 - Browser is opened
2022-10-15 23:18:51,133  INFO [TestNG-test=TsetOnChromeBrowser-3] CopyPastSouceDemoProject:41 - Browser is opened
2022-10-15 23:18:51,130  INFO [TestNG-test=TsetOnChromeBrowser-2] CopyPastSouceDemoProject:41 - Browser is opened
2022-10-15 23:18:51,138  INFO [TestNG-test=TsetOnChromeBrowser-1] CopyPastSouceDemoProject:41 - Browser is opened
2022-10-15 23:18:51,556  INFO [TestNG-test=TsetOnChromeBrowser-2] CopyPastSouceDemoProject:45 - Browser is maximized
2022-10-15 23:18:52,559  INFO [TestNG-test=TsetOnChromeBrowser-4] CopyPastSouceDemoProject:45 - Browser is maximized
2022-10-15 23:18:52,693  INFO [TestNG-test=TsetOnChromeBrowser-3] CopyPastSouceDemoProject:45 - Browser is maximized
2022-10-15 23:18:52,778  INFO [TestNG-test=TsetOnChromeBrowser-1] CopyPastSouceDemoProject:45 - Browser is maximized
2022-10-15 23:18:55,312  INFO [TestNG-test=TsetOnChromeBrowser-2] CopyPastSouceDemoProject:48 - URL is opened
2022-10-15 23:18:55,340  INFO [TestNG-test=TsetOnChromeBrowser-3] CopyPastSouceDemoProject:48 - URL is opened
2022-10-15 23:18:55,564  INFO [TestNG-test=TsetOnChromeBrowser-1] CopyPastSouceDemoProject:48 - URL is opened
2022-10-15 23:18:55,677  INFO [TestNG-test=TsetOnChromeBrowser-4] CopyPastSouceDemoProject:48 - URL is opened
2022-10-15 23:18:57,921  INFO [TestNG-test=TsetOnChromeBrowser-2] CopyPastSouceDemoProject:57 - Username is entered
2022-10-15 23:18:57,941  INFO [TestNG-test=TsetOnChromeBrowser-3] CopyPastSouceDemoProject:57 - Username is entered
2022-10-15 23:18:58,177  INFO [TestNG-test=TsetOnChromeBrowser-1] CopyPastSouceDemoProject:57 - Username is entered
2022-10-15 23:18:58,197  INFO [TestNG-test=TsetOnChromeBrowser-4] CopyPastSouceDemoProject:57 - Username is entered
2022-10-15 23:18:58,921  INFO [TestNG-test=TsetOnChromeBrowser-3] CopyPastSouceDemoProject:60 - Password is entered
2022-10-15 23:18:59,054  INFO [TestNG-test=TsetOnChromeBrowser-2] CopyPastSouceDemoProject:60 - Password is entered
2022-10-15 23:18:59,095  INFO [TestNG-test=TsetOnChromeBrowser-1] CopyPastSouceDemoProject:60 - Password is entered
2022-10-15 23:18:59,170  INFO [TestNG-test=TsetOnChromeBrowser-4] CopyPastSouceDemoProject:60 - Password is entered
2022-10-15 23:19:00,566  INFO [TestNG-test=TsetOnChromeBrowser-2] CopyPastSouceDemoProject:63 - Clicked on login button
2022-10-15 23:19:01,128  INFO [TestNG-test=TsetOnChromeBrowser-3] CopyPastSouceDemoProject:63 - Clicked on login button
2022-10-15 23:19:01,206  INFO [TestNG-test=TsetOnChromeBrowser-4] CopyPastSouceDemoProject:63 - Clicked on login button
2022-10-15 23:19:01,310  INFO [TestNG-test=TsetOnChromeBrowser-1] CopyPastSouceDemoProject:63 - Clicked on login button
2022-10-15 23:19:07,328  INFO [TestNG-test=TsetOnChromeBrowser-3] CopyPastSouceDemoProject:19 - apply the validation
2022-10-15 23:19:07,584  INFO [TestNG-test=TsetOnChromeBrowser-2] CopyPastSouceDemoProject:22 - Bag product will get selected
2022-10-15 23:19:08,511  INFO [TestNG-test=TsetOnChromeBrowser-1] CopyPastSouceDemoProject:22 - All products will get selected
2022-10-15 23:19:08,575  INFO [TestNG-test=TsetOnChromeBrowser-4] CopyPastSouceDemoProject:26 - apply the validation
2022-10-15 23:19:08,657  INFO [TestNG-test=TsetOnChromeBrowser-2] CopyPastSouceDemoProject:29 - actual product->1
2022-10-15 23:19:08,657  INFO [TestNG-test=TsetOnChromeBrowser-2] CopyPastSouceDemoProject:31 - apply validation
2022-10-15 23:19:09,277  INFO [TestNG-test=TsetOnChromeBrowser-1] CopyPastSouceDemoProject:30 - actual product->3
2022-10-15 23:19:09,278  INFO [TestNG-test=TsetOnChromeBrowser-1] CopyPastSouceDemoProject:32 - apply validation
2022-10-15 23:21:04,185  INFO [TestNG-test=TsetOnChromeBrowser-3] CopyPastSouceDemoProject:41 - Browser is opened
2022-10-15 23:21:04,262  INFO [TestNG-test=TsetOnChromeBrowser-1] CopyPastSouceDemoProject:41 - Browser is opened
2022-10-15 23:21:04,183  INFO [TestNG-test=TsetOnChromeBrowser-4] CopyPastSouceDemoProject:41 - Browser is opened
2022-10-15 23:21:04,366  INFO [TestNG-test=TsetOnChromeBrowser-2] CopyPastSouceDemoProject:41 - Browser is opened
2022-10-15 23:21:04,876  INFO [TestNG-test=TsetOnChromeBrowser-2] CopyPastSouceDemoProject:45 - Browser is maximized
2022-10-15 23:21:05,184  INFO [TestNG-test=TsetOnChromeBrowser-3] CopyPastSouceDemoProject:45 - Browser is maximized
2022-10-15 23:21:05,224  INFO [TestNG-test=TsetOnChromeBrowser-1] CopyPastSouceDemoProject:45 - Browser is maximized
2022-10-15 23:21:05,290  INFO [TestNG-test=TsetOnChromeBrowser-4] CopyPastSouceDemoProject:45 - Browser is maximized
2022-10-15 23:21:14,531  INFO [TestNG-test=TsetOnChromeBrowser-3] CopyPastSouceDemoProject:48 - URL is opened
2022-10-15 23:21:14,531  INFO [TestNG-test=TsetOnChromeBrowser-4] CopyPastSouceDemoProject:48 - URL is opened
2022-10-15 23:21:14,542  INFO [TestNG-test=TsetOnChromeBrowser-1] CopyPastSouceDemoProject:48 - URL is opened
2022-10-15 23:21:14,560  INFO [TestNG-test=TsetOnChromeBrowser-2] CopyPastSouceDemoProject:48 - URL is opened
2022-10-15 23:21:17,722  INFO [TestNG-test=TsetOnChromeBrowser-4] CopyPastSouceDemoProject:57 - Username is entered
2022-10-15 23:21:17,724  INFO [TestNG-test=TsetOnChromeBrowser-2] CopyPastSouceDemoProject:57 - Username is entered
2022-10-15 23:21:17,737  INFO [TestNG-test=TsetOnChromeBrowser-1] CopyPastSouceDemoProject:57 - Username is entered
2022-10-15 23:21:17,737  INFO [TestNG-test=TsetOnChromeBrowser-3] CopyPastSouceDemoProject:57 - Username is entered
2022-10-15 23:21:18,415  INFO [TestNG-test=TsetOnChromeBrowser-3] CopyPastSouceDemoProject:60 - Password is entered
2022-10-15 23:21:18,454  INFO [TestNG-test=TsetOnChromeBrowser-2] CopyPastSouceDemoProject:60 - Password is entered
2022-10-15 23:21:18,457  INFO [TestNG-test=TsetOnChromeBrowser-1] CopyPastSouceDemoProject:60 - Password is entered
2022-10-15 23:21:18,482  INFO [TestNG-test=TsetOnChromeBrowser-4] CopyPastSouceDemoProject:60 - Password is entered
2022-10-15 23:21:19,747  INFO [TestNG-test=TsetOnChromeBrowser-2] CopyPastSouceDemoProject:63 - Clicked on login button
2022-10-15 23:21:20,201  INFO [TestNG-test=TsetOnChromeBrowser-4] CopyPastSouceDemoProject:63 - Clicked on login button
2022-10-15 23:21:20,239  INFO [TestNG-test=TsetOnChromeBrowser-1] CopyPastSouceDemoProject:63 - Clicked on login button
2022-10-15 23:21:20,742  INFO [TestNG-test=TsetOnChromeBrowser-3] CopyPastSouceDemoProject:63 - Clicked on login button
2022-10-15 23:21:21,962  INFO [TestNG-test=TsetOnChromeBrowser-2] CopyPastSouceDemoProject:22 - Bag product will get selected
2022-10-15 23:21:22,434  INFO [TestNG-test=TsetOnChromeBrowser-3] CopyPastSouceDemoProject:19 - apply the validation
2022-10-15 23:21:24,643  INFO [TestNG-test=TsetOnChromeBrowser-2] CopyPastSouceDemoProject:29 - actual product->1
2022-10-15 23:21:24,644  INFO [TestNG-test=TsetOnChromeBrowser-2] CopyPastSouceDemoProject:31 - apply validation
2022-10-15 23:21:24,854  INFO [TestNG-test=TsetOnChromeBrowser-4] CopyPastSouceDemoProject:26 - apply the validation
2022-10-15 23:21:24,934  INFO [TestNG-test=TsetOnChromeBrowser-1] CopyPastSouceDemoProject:22 - All products will get selected
2022-10-15 23:21:25,682  INFO [TestNG-test=TsetOnChromeBrowser-1] CopyPastSouceDemoProject:30 - actual product->3
2022-10-15 23:21:25,683  INFO [TestNG-test=TsetOnChromeBrowser-1] CopyPastSouceDemoProject:32 - apply validation
2022-10-15 23:25:15,549  INFO [TestNG-test=TsetOnChromeBrowser-1] CopyPastSouceDemoProject:41 - Browser is opened
2022-10-15 23:25:15,547  INFO [TestNG-test=TsetOnChromeBrowser-4] CopyPastSouceDemoProject:41 - Browser is opened
2022-10-15 23:25:15,543  INFO [TestNG-test=TsetOnChromeBrowser-2] CopyPastSouceDemoProject:41 - Browser is opened
2022-10-15 23:25:15,540  INFO [TestNG-test=TsetOnChromeBrowser-3] CopyPastSouceDemoProject:41 - Browser is opened
2022-10-15 23:25:16,213  INFO [TestNG-test=TsetOnChromeBrowser-2] CopyPastSouceDemoProject:45 - Browser is maximized
2022-10-15 23:25:16,629  INFO [TestNG-test=TsetOnChromeBrowser-4] CopyPastSouceDemoProject:45 - Browser is maximized
2022-10-15 23:25:16,684  INFO [TestNG-test=TsetOnChromeBrowser-1] CopyPastSouceDemoProject:45 - Browser is maximized
2022-10-15 23:25:16,699  INFO [TestNG-test=TsetOnChromeBrowser-3] CopyPastSouceDemoProject:45 - Browser is maximized
2022-10-15 23:25:18,611  INFO [TestNG-test=TsetOnChromeBrowser-2] CopyPastSouceDemoProject:48 - URL is opened
2022-10-15 23:25:19,639  INFO [TestNG-test=TsetOnChromeBrowser-1] CopyPastSouceDemoProject:48 - URL is opened
2022-10-15 23:25:19,820  INFO [TestNG-test=TsetOnChromeBrowser-3] CopyPastSouceDemoProject:48 - URL is opened
2022-10-15 23:25:19,912  INFO [TestNG-test=TsetOnChromeBrowser-4] CopyPastSouceDemoProject:48 - URL is opened
2022-10-15 23:25:21,424  INFO [TestNG-test=TsetOnChromeBrowser-2] CopyPastSouceDemoProject:57 - Username is entered
2022-10-15 23:25:22,268  INFO [TestNG-test=TsetOnChromeBrowser-1] CopyPastSouceDemoProject:57 - Username is entered
2022-10-15 23:25:22,383  INFO [TestNG-test=TsetOnChromeBrowser-4] CopyPastSouceDemoProject:57 - Username is entered
2022-10-15 23:25:22,473  INFO [TestNG-test=TsetOnChromeBrowser-3] CopyPastSouceDemoProject:57 - Username is entered
2022-10-15 23:25:22,519  INFO [TestNG-test=TsetOnChromeBrowser-2] CopyPastSouceDemoProject:60 - Password is entered
2022-10-15 23:25:23,032  INFO [TestNG-test=TsetOnChromeBrowser-3] CopyPastSouceDemoProject:60 - Password is entered
2022-10-15 23:25:23,083  INFO [TestNG-test=TsetOnChromeBrowser-4] CopyPastSouceDemoProject:60 - Password is entered
2022-10-15 23:25:23,190  INFO [TestNG-test=TsetOnChromeBrowser-1] CopyPastSouceDemoProject:60 - Password is entered
2022-10-15 23:25:23,472  INFO [TestNG-test=TsetOnChromeBrowser-2] CopyPastSouceDemoProject:63 - Clicked on login button
2022-10-15 23:25:26,660  INFO [TestNG-test=TsetOnChromeBrowser-4] CopyPastSouceDemoProject:63 - Clicked on login button
2022-10-15 23:25:26,914  INFO [TestNG-test=TsetOnChromeBrowser-3] CopyPastSouceDemoProject:63 - Clicked on login button
2022-10-15 23:25:28,851  INFO [TestNG-test=TsetOnChromeBrowser-1] CopyPastSouceDemoProject:63 - Clicked on login button
2022-10-15 23:25:30,175  INFO [TestNG-test=TsetOnChromeBrowser-2] CopyPastSouceDemoProject:22 - Bag product will get selected
2022-10-15 23:25:30,465  INFO [TestNG-test=TsetOnChromeBrowser-3] CopyPastSouceDemoProject:19 - apply the validation
2022-10-15 23:25:31,141  INFO [TestNG-test=TsetOnChromeBrowser-2] CopyPastSouceDemoProject:29 - actual product->1
2022-10-15 23:25:31,142  INFO [TestNG-test=TsetOnChromeBrowser-2] CopyPastSouceDemoProject:31 - apply validation
2022-10-15 23:25:31,212  INFO [TestNG-test=TsetOnChromeBrowser-4] CopyPastSouceDemoProject:26 - apply the validation
2022-10-15 23:25:31,277  INFO [TestNG-test=TsetOnChromeBrowser-1] CopyPastSouceDemoProject:22 - All products will get selected
2022-10-15 23:25:31,987  INFO [TestNG-test=TsetOnChromeBrowser-1] CopyPastSouceDemoProject:30 - actual product->3
2022-10-15 23:25:31,987  INFO [TestNG-test=TsetOnChromeBrowser-1] CopyPastSouceDemoProject:32 - apply validation
2022-10-15 23:29:14,189  INFO [TestNG-test=TsetOnChromeBrowser-4] CopyPastSouceDemoProject:41 - Browser is opened
2022-10-15 23:29:14,186  INFO [TestNG-test=TsetOnChromeBrowser-2] CopyPastSouceDemoProject:41 - Browser is opened
2022-10-15 23:29:14,184  INFO [TestNG-test=TsetOnChromeBrowser-1] CopyPastSouceDemoProject:41 - Browser is opened
2022-10-15 23:29:14,529  INFO [TestNG-test=TsetOnChromeBrowser-3] CopyPastSouceDemoProject:41 - Browser is opened
2022-10-15 23:29:14,732  INFO [TestNG-test=TsetOnChromeBrowser-1] CopyPastSouceDemoProject:45 - Browser is maximized
2022-10-15 23:29:15,183  INFO [TestNG-test=TsetOnChromeBrowser-2] CopyPastSouceDemoProject:45 - Browser is maximized
2022-10-15 23:29:15,188  INFO [TestNG-test=TsetOnChromeBrowser-4] CopyPastSouceDemoProject:45 - Browser is maximized
2022-10-15 23:29:15,791  INFO [TestNG-test=TsetOnChromeBrowser-3] CopyPastSouceDemoProject:45 - Browser is maximized
2022-10-15 23:29:18,442  INFO [TestNG-test=TsetOnChromeBrowser-1] CopyPastSouceDemoProject:48 - URL is opened
2022-10-15 23:29:18,496  INFO [TestNG-test=TsetOnChromeBrowser-2] CopyPastSouceDemoProject:48 - URL is opened
2022-10-15 23:29:18,598  INFO [TestNG-test=TsetOnChromeBrowser-4] CopyPastSouceDemoProject:48 - URL is opened
2022-10-15 23:29:19,313  INFO [TestNG-test=TsetOnChromeBrowser-3] CopyPastSouceDemoProject:48 - URL is opened
2022-10-15 23:29:21,707  INFO [TestNG-test=TsetOnChromeBrowser-4] CopyPastSouceDemoProject:57 - Username is entered
2022-10-15 23:29:21,714  INFO [TestNG-test=TsetOnChromeBrowser-1] CopyPastSouceDemoProject:57 - Username is entered
2022-10-15 23:29:21,749  INFO [TestNG-test=TsetOnChromeBrowser-2] CopyPastSouceDemoProject:57 - Username is entered
2022-10-15 23:29:21,765  INFO [TestNG-test=TsetOnChromeBrowser-3] CopyPastSouceDemoProject:57 - Username is entered
2022-10-15 23:29:22,516  INFO [TestNG-test=TsetOnChromeBrowser-1] CopyPastSouceDemoProject:60 - Password is entered
2022-10-15 23:29:22,682  INFO [TestNG-test=TsetOnChromeBrowser-2] CopyPastSouceDemoProject:60 - Password is entered
2022-10-15 23:29:22,682  INFO [TestNG-test=TsetOnChromeBrowser-4] CopyPastSouceDemoProject:60 - Password is entered
2022-10-15 23:29:22,703  INFO [TestNG-test=TsetOnChromeBrowser-3] CopyPastSouceDemoProject:60 - Password is entered
2022-10-15 23:29:24,618  INFO [TestNG-test=TsetOnChromeBrowser-2] CopyPastSouceDemoProject:63 - Clicked on login button
2022-10-15 23:29:25,611  INFO [TestNG-test=TsetOnChromeBrowser-3] CopyPastSouceDemoProject:63 - Clicked on login button
2022-10-15 23:29:26,602  INFO [TestNG-test=TsetOnChromeBrowser-4] CopyPastSouceDemoProject:63 - Clicked on login button
2022-10-15 23:29:27,920  INFO [TestNG-test=TsetOnChromeBrowser-1] CopyPastSouceDemoProject:63 - Clicked on login button
2022-10-15 23:29:29,732  INFO [TestNG-test=TsetOnChromeBrowser-2] CopyPastSouceDemoProject:22 - Bag product will get selected
2022-10-15 23:29:29,934  INFO [TestNG-test=TsetOnChromeBrowser-4] CopyPastSouceDemoProject:19 - apply the validation
2022-10-15 23:29:30,257  INFO [TestNG-test=TsetOnChromeBrowser-3] CopyPastSouceDemoProject:18 - DropDown Perform Susscessfully
2022-10-15 23:29:30,566  INFO [TestNG-test=TsetOnChromeBrowser-1] CopyPastSouceDemoProject:22 - All products will get selected
2022-10-15 23:29:30,655  INFO [TestNG-test=TsetOnChromeBrowser-2] CopyPastSouceDemoProject:29 - actual product->1
2022-10-15 23:29:30,656  INFO [TestNG-test=TsetOnChromeBrowser-2] CopyPastSouceDemoProject:31 - apply validation
2022-10-15 23:29:30,996  INFO [TestNG-test=TsetOnChromeBrowser-3] CopyPastSouceDemoProject:28 - Actual Result is-->Name (A to Z)
Name (Z to A)
Price (low to high)
Price (high to low)
2022-10-15 23:29:30,996  INFO [TestNG-test=TsetOnChromeBrowser-3] CopyPastSouceDemoProject:29 - Apply Validation
2022-10-15 23:29:31,345  INFO [TestNG-test=TsetOnChromeBrowser-1] CopyPastSouceDemoProject:30 - actual product->3
2022-10-15 23:29:31,346  INFO [TestNG-test=TsetOnChromeBrowser-1] CopyPastSouceDemoProject:32 - apply validation
2022-10-15 23:29:34,831  INFO [TestNG-test=TsetOnChromeBrowser-3] CopyPastSouceDemoProject:41 - Browser is opened
2022-10-15 23:29:35,193  INFO [TestNG-test=TsetOnChromeBrowser-3] CopyPastSouceDemoProject:45 - Browser is maximized
2022-10-15 23:29:36,486  INFO [TestNG-test=TsetOnChromeBrowser-3] CopyPastSouceDemoProject:48 - URL is opened
2022-10-15 23:29:37,104  INFO [TestNG-test=TsetOnChromeBrowser-3] CopyPastSouceDemoProject:57 - Username is entered
2022-10-15 23:29:37,355  INFO [TestNG-test=TsetOnChromeBrowser-3] CopyPastSouceDemoProject:60 - Password is entered
2022-10-15 23:29:37,757  INFO [TestNG-test=TsetOnChromeBrowser-3] CopyPastSouceDemoProject:63 - Clicked on login button
2022-10-15 23:29:38,616  INFO [TestNG-test=TsetOnChromeBrowser-3] CopyPastSouceDemoProject:26 - apply the validation
2022-10-15 23:34:25,679  INFO [TestNG-test=TsetOnChromeBrowser-2] CopyPastSouceDemoProject:41 - Browser is opened
2022-10-15 23:34:25,750  INFO [TestNG-test=TsetOnChromeBrowser-1] CopyPastSouceDemoProject:41 - Browser is opened
2022-10-15 23:34:25,756  INFO [TestNG-test=TsetOnChromeBrowser-4] CopyPastSouceDemoProject:41 - Browser is opened
2022-10-15 23:34:25,760  INFO [TestNG-test=TsetOnChromeBrowser-3] CopyPastSouceDemoProject:41 - Browser is opened
2022-10-15 23:34:26,330  INFO [TestNG-test=TsetOnChromeBrowser-2] CopyPastSouceDemoProject:45 - Browser is maximized
2022-10-15 23:34:26,526  INFO [TestNG-test=TsetOnChromeBrowser-1] CopyPastSouceDemoProject:45 - Browser is maximized
2022-10-15 23:34:26,607  INFO [TestNG-test=TsetOnChromeBrowser-4] CopyPastSouceDemoProject:45 - Browser is maximized
2022-10-15 23:34:26,693  INFO [TestNG-test=TsetOnChromeBrowser-3] CopyPastSouceDemoProject:45 - Browser is maximized
2022-10-15 23:34:29,327  INFO [TestNG-test=TsetOnChromeBrowser-1] CopyPastSouceDemoProject:48 - URL is opened
2022-10-15 23:34:29,487  INFO [TestNG-test=TsetOnChromeBrowser-2] CopyPastSouceDemoProject:48 - URL is opened
2022-10-15 23:34:29,890  INFO [TestNG-test=TsetOnChromeBrowser-4] CopyPastSouceDemoProject:48 - URL is opened
2022-10-15 23:34:29,989  INFO [TestNG-test=TsetOnChromeBrowser-3] CopyPastSouceDemoProject:48 - URL is opened
2022-10-15 23:34:32,833  INFO [TestNG-test=TsetOnChromeBrowser-2] CopyPastSouceDemoProject:57 - Username is entered
2022-10-15 23:34:32,859  INFO [TestNG-test=TsetOnChromeBrowser-3] CopyPastSouceDemoProject:57 - Username is entered
2022-10-15 23:34:32,906  INFO [TestNG-test=TsetOnChromeBrowser-1] CopyPastSouceDemoProject:57 - Username is entered
2022-10-15 23:34:33,022  INFO [TestNG-test=TsetOnChromeBrowser-4] CopyPastSouceDemoProject:57 - Username is entered
2022-10-15 23:34:33,458  INFO [TestNG-test=TsetOnChromeBrowser-3] CopyPastSouceDemoProject:60 - Password is entered
2022-10-15 23:34:33,489  INFO [TestNG-test=TsetOnChromeBrowser-1] CopyPastSouceDemoProject:60 - Password is entered
2022-10-15 23:34:33,507  INFO [TestNG-test=TsetOnChromeBrowser-2] CopyPastSouceDemoProject:60 - Password is entered
2022-10-15 23:34:33,657  INFO [TestNG-test=TsetOnChromeBrowser-4] CopyPastSouceDemoProject:60 - Password is entered
2022-10-15 23:34:34,152  INFO [TestNG-test=TsetOnChromeBrowser-3] CopyPastSouceDemoProject:63 - Clicked on login button
2022-10-15 23:34:34,592  INFO [TestNG-test=TsetOnChromeBrowser-2] CopyPastSouceDemoProject:63 - Clicked on login button
2022-10-15 23:34:34,673  INFO [TestNG-test=TsetOnChromeBrowser-1] CopyPastSouceDemoProject:63 - Clicked on login button
2022-10-15 23:34:34,951  INFO [TestNG-test=TsetOnChromeBrowser-4] CopyPastSouceDemoProject:63 - Clicked on login button
2022-10-15 23:34:35,918  INFO [TestNG-test=TsetOnChromeBrowser-4] CopyPastSouceDemoProject:19 - apply the validation
2022-10-15 23:34:36,127  INFO [TestNG-test=TsetOnChromeBrowser-2] CopyPastSouceDemoProject:22 - Bag product will get selected
2022-10-15 23:34:36,457  INFO [TestNG-test=TsetOnChromeBrowser-3] CopyPastSouceDemoProject:18 - DropDown Perform Susscessfully
2022-10-15 23:34:37,027  INFO [TestNG-test=TsetOnChromeBrowser-2] CopyPastSouceDemoProject:29 - actual product->1
2022-10-15 23:34:37,027  INFO [TestNG-test=TsetOnChromeBrowser-2] CopyPastSouceDemoProject:31 - apply validation
2022-10-15 23:34:37,515  INFO [TestNG-test=TsetOnChromeBrowser-1] CopyPastSouceDemoProject:22 - All products will get selected
2022-10-15 23:34:37,696  INFO [TestNG-test=TsetOnChromeBrowser-3] CopyPastSouceDemoProject:28 - Actual Result is-->Name (A to Z)
Name (Z to A)
Price (low to high)
Price (high to low)
2022-10-15 23:34:37,698  INFO [TestNG-test=TsetOnChromeBrowser-3] CopyPastSouceDemoProject:29 - Apply Validation
2022-10-15 23:34:38,503  INFO [TestNG-test=TsetOnChromeBrowser-1] CopyPastSouceDemoProject:30 - actual product->3
2022-10-15 23:34:38,504  INFO [TestNG-test=TsetOnChromeBrowser-1] CopyPastSouceDemoProject:32 - apply validation
2022-10-15 23:34:41,863  INFO [TestNG-test=TsetOnChromeBrowser-4] CopyPastSouceDemoProject:41 - Browser is opened
2022-10-15 23:34:42,082  INFO [TestNG-test=TsetOnChromeBrowser-4] CopyPastSouceDemoProject:45 - Browser is maximized
2022-10-15 23:34:43,303  INFO [TestNG-test=TsetOnChromeBrowser-4] CopyPastSouceDemoProject:48 - URL is opened
2022-10-15 23:34:43,756  INFO [TestNG-test=TsetOnChromeBrowser-4] CopyPastSouceDemoProject:57 - Username is entered
2022-10-15 23:34:44,104  INFO [TestNG-test=TsetOnChromeBrowser-4] CopyPastSouceDemoProject:60 - Password is entered
2022-10-15 23:34:44,638  INFO [TestNG-test=TsetOnChromeBrowser-4] CopyPastSouceDemoProject:63 - Clicked on login button
2022-10-15 23:34:45,936  INFO [TestNG-test=TsetOnChromeBrowser-4] CopyPastSouceDemoProject:26 - apply the validation
2022-10-15 23:37:33,884  INFO [TestNG-test=TsetOnChromeBrowser-2] CopyPastSouceDemoProject:41 - Browser is opened
2022-10-15 23:37:33,881  INFO [TestNG-test=TsetOnChromeBrowser-3] CopyPastSouceDemoProject:41 - Browser is opened
2022-10-15 23:37:33,878  INFO [TestNG-test=TsetOnChromeBrowser-1] CopyPastSouceDemoProject:41 - Browser is opened
2022-10-15 23:37:33,887  INFO [TestNG-test=TsetOnChromeBrowser-4] CopyPastSouceDemoProject:41 - Browser is opened
2022-10-15 23:37:34,536  INFO [TestNG-test=TsetOnChromeBrowser-3] CopyPastSouceDemoProject:45 - Browser is maximized
2022-10-15 23:37:35,032  INFO [TestNG-test=TsetOnChromeBrowser-4] CopyPastSouceDemoProject:45 - Browser is maximized
2022-10-15 23:37:35,750  INFO [TestNG-test=TsetOnChromeBrowser-1] CopyPastSouceDemoProject:45 - Browser is maximized
2022-10-15 23:37:35,870  INFO [TestNG-test=TsetOnChromeBrowser-2] CopyPastSouceDemoProject:45 - Browser is maximized
2022-10-15 23:37:37,446  INFO [TestNG-test=TsetOnChromeBrowser-3] CopyPastSouceDemoProject:48 - URL is opened
2022-10-15 23:37:39,956  INFO [TestNG-test=TsetOnChromeBrowser-4] CopyPastSouceDemoProject:48 - URL is opened
2022-10-15 23:37:40,156  INFO [TestNG-test=TsetOnChromeBrowser-2] CopyPastSouceDemoProject:48 - URL is opened
2022-10-15 23:37:40,318  INFO [TestNG-test=TsetOnChromeBrowser-1] CopyPastSouceDemoProject:48 - URL is opened
2022-10-15 23:37:42,294  INFO [TestNG-test=TsetOnChromeBrowser-3] CopyPastSouceDemoProject:57 - Username is entered
2022-10-15 23:37:42,385  INFO [TestNG-test=TsetOnChromeBrowser-2] CopyPastSouceDemoProject:57 - Username is entered
2022-10-15 23:37:42,402  INFO [TestNG-test=TsetOnChromeBrowser-4] CopyPastSouceDemoProject:57 - Username is entered
2022-10-15 23:37:42,546  INFO [TestNG-test=TsetOnChromeBrowser-1] CopyPastSouceDemoProject:57 - Username is entered
2022-10-15 23:37:44,406  INFO [TestNG-test=TsetOnChromeBrowser-3] CopyPastSouceDemoProject:60 - Password is entered
2022-10-15 23:37:44,564  INFO [TestNG-test=TsetOnChromeBrowser-2] CopyPastSouceDemoProject:60 - Password is entered
2022-10-15 23:37:44,630  INFO [TestNG-test=TsetOnChromeBrowser-1] CopyPastSouceDemoProject:60 - Password is entered
2022-10-15 23:37:44,637  INFO [TestNG-test=TsetOnChromeBrowser-4] CopyPastSouceDemoProject:60 - Password is entered
2022-10-15 23:37:47,189  INFO [TestNG-test=TsetOnChromeBrowser-4] CopyPastSouceDemoProject:63 - Clicked on login button
2022-10-15 23:37:47,324  INFO [TestNG-test=TsetOnChromeBrowser-1] CopyPastSouceDemoProject:63 - Clicked on login button
2022-10-15 23:37:47,437  INFO [TestNG-test=TsetOnChromeBrowser-2] CopyPastSouceDemoProject:63 - Clicked on login button
2022-10-15 23:37:47,782  INFO [TestNG-test=TsetOnChromeBrowser-3] CopyPastSouceDemoProject:63 - Clicked on login button
2022-10-15 23:37:48,913  INFO [TestNG-test=TsetOnChromeBrowser-2] CopyPastSouceDemoProject:22 - Bag product will get selected
2022-10-15 23:37:49,234  INFO [TestNG-test=TsetOnChromeBrowser-4] CopyPastSouceDemoProject:19 - apply the validation
2022-10-15 23:37:49,487  INFO [TestNG-test=TsetOnChromeBrowser-3] CopyPastSouceDemoProject:18 - DropDown Perform Susscessfully
2022-10-15 23:37:49,777  INFO [TestNG-test=TsetOnChromeBrowser-1] CopyPastSouceDemoProject:22 - All products will get selected
2022-10-15 23:37:49,878  INFO [TestNG-test=TsetOnChromeBrowser-2] CopyPastSouceDemoProject:29 - actual product->1
2022-10-15 23:37:49,878  INFO [TestNG-test=TsetOnChromeBrowser-2] CopyPastSouceDemoProject:31 - apply validation
2022-10-15 23:37:50,239  INFO [TestNG-test=TsetOnChromeBrowser-3] CopyPastSouceDemoProject:28 - Actual Result is-->Swag Labs
2022-10-15 23:37:50,240  INFO [TestNG-test=TsetOnChromeBrowser-3] CopyPastSouceDemoProject:29 - Apply Validation
2022-10-15 23:37:51,010  INFO [TestNG-test=TsetOnChromeBrowser-1] CopyPastSouceDemoProject:30 - actual product->3
2022-10-15 23:37:51,011  INFO [TestNG-test=TsetOnChromeBrowser-1] CopyPastSouceDemoProject:32 - apply validation
2022-10-15 23:37:54,106  INFO [TestNG-test=TsetOnChromeBrowser-4] CopyPastSouceDemoProject:41 - Browser is opened
2022-10-15 23:37:54,349  INFO [TestNG-test=TsetOnChromeBrowser-4] CopyPastSouceDemoProject:45 - Browser is maximized
2022-10-15 23:37:55,374  INFO [TestNG-test=TsetOnChromeBrowser-4] CopyPastSouceDemoProject:48 - URL is opened
2022-10-15 23:37:56,045  INFO [TestNG-test=TsetOnChromeBrowser-4] CopyPastSouceDemoProject:57 - Username is entered
2022-10-15 23:37:56,243  INFO [TestNG-test=TsetOnChromeBrowser-4] CopyPastSouceDemoProject:60 - Password is entered
2022-10-15 23:37:56,700  INFO [TestNG-test=TsetOnChromeBrowser-4] CopyPastSouceDemoProject:63 - Clicked on login button
2022-10-15 23:37:57,957  INFO [TestNG-test=TsetOnChromeBrowser-4] CopyPastSouceDemoProject:26 - apply the validation
2022-10-15 23:40:21,278  INFO [TestNG-test=TsetOnChromeBrowser-4] CopyPastSouceDemoProject:41 - Browser is opened
2022-10-15 23:40:21,290  INFO [TestNG-test=TsetOnChromeBrowser-1] CopyPastSouceDemoProject:41 - Browser is opened
2022-10-15 23:40:21,275  INFO [TestNG-test=TsetOnChromeBrowser-3] CopyPastSouceDemoProject:41 - Browser is opened
2022-10-15 23:40:21,275  INFO [TestNG-test=TsetOnChromeBrowser-2] CopyPastSouceDemoProject:41 - Browser is opened
2022-10-15 23:40:21,682  INFO [TestNG-test=TsetOnChromeBrowser-2] CopyPastSouceDemoProject:45 - Browser is maximized
2022-10-15 23:40:22,773  INFO [TestNG-test=TsetOnChromeBrowser-1] CopyPastSouceDemoProject:45 - Browser is maximized
2022-10-15 23:40:22,870  INFO [TestNG-test=TsetOnChromeBrowser-4] CopyPastSouceDemoProject:45 - Browser is maximized
2022-10-15 23:40:23,301  INFO [TestNG-test=TsetOnChromeBrowser-3] CopyPastSouceDemoProject:45 - Browser is maximized
2022-10-15 23:40:24,728  INFO [TestNG-test=TsetOnChromeBrowser-2] CopyPastSouceDemoProject:48 - URL is opened
2022-10-15 23:40:26,305  INFO [TestNG-test=TsetOnChromeBrowser-1] CopyPastSouceDemoProject:48 - URL is opened
2022-10-15 23:40:26,864  INFO [TestNG-test=TsetOnChromeBrowser-3] CopyPastSouceDemoProject:48 - URL is opened
2022-10-15 23:40:27,652  INFO [TestNG-test=TsetOnChromeBrowser-4] CopyPastSouceDemoProject:48 - URL is opened
2022-10-15 23:40:28,434  INFO [TestNG-test=TsetOnChromeBrowser-2] CopyPastSouceDemoProject:57 - Username is entered
2022-10-15 23:40:29,132  INFO [TestNG-test=TsetOnChromeBrowser-1] CopyPastSouceDemoProject:57 - Username is entered
2022-10-15 23:40:29,262  INFO [TestNG-test=TsetOnChromeBrowser-3] CopyPastSouceDemoProject:57 - Username is entered
2022-10-15 23:40:29,407  INFO [TestNG-test=TsetOnChromeBrowser-4] CopyPastSouceDemoProject:57 - Username is entered
2022-10-15 23:40:29,514  INFO [TestNG-test=TsetOnChromeBrowser-2] CopyPastSouceDemoProject:60 - Password is entered
2022-10-15 23:40:30,012  INFO [TestNG-test=TsetOnChromeBrowser-1] CopyPastSouceDemoProject:60 - Password is entered
2022-10-15 23:40:30,304  INFO [TestNG-test=TsetOnChromeBrowser-2] CopyPastSouceDemoProject:63 - Clicked on login button
2022-10-15 23:40:30,324  INFO [TestNG-test=TsetOnChromeBrowser-3] CopyPastSouceDemoProject:60 - Password is entered
2022-10-15 23:40:30,452  INFO [TestNG-test=TsetOnChromeBrowser-4] CopyPastSouceDemoProject:60 - Password is entered
2022-10-15 23:40:32,002  INFO [TestNG-test=TsetOnChromeBrowser-1] CopyPastSouceDemoProject:63 - Clicked on login button
2022-10-15 23:40:32,110  INFO [TestNG-test=TsetOnChromeBrowser-4] CopyPastSouceDemoProject:63 - Clicked on login button
2022-10-15 23:40:32,506  INFO [TestNG-test=TsetOnChromeBrowser-3] CopyPastSouceDemoProject:63 - Clicked on login button
2022-10-15 23:40:32,903  INFO [TestNG-test=TsetOnChromeBrowser-2] CopyPastSouceDemoProject:22 - Bag product will get selected
2022-10-15 23:40:33,101  INFO [TestNG-test=TsetOnChromeBrowser-4] CopyPastSouceDemoProject:19 - apply the validation
2022-10-15 23:40:33,901  INFO [TestNG-test=TsetOnChromeBrowser-2] CopyPastSouceDemoProject:29 - actual product->1
2022-10-15 23:40:33,902  INFO [TestNG-test=TsetOnChromeBrowser-2] CopyPastSouceDemoProject:31 - apply validation
2022-10-15 23:40:34,065  INFO [TestNG-test=TsetOnChromeBrowser-3] CopyPastSouceDemoProject:18 - DropDown Perform Susscessfully
2022-10-15 23:40:34,315  INFO [TestNG-test=TsetOnChromeBrowser-1] CopyPastSouceDemoProject:22 - All products will get selected
2022-10-15 23:40:34,561  INFO [TestNG-test=TsetOnChromeBrowser-3] CopyPastSouceDemoProject:29 - Apply Validation
2022-10-15 23:40:35,004  INFO [TestNG-test=TsetOnChromeBrowser-1] CopyPastSouceDemoProject:30 - actual product->3
2022-10-15 23:40:35,009  INFO [TestNG-test=TsetOnChromeBrowser-1] CopyPastSouceDemoProject:32 - apply validation
2022-10-15 23:40:38,340  INFO [TestNG-test=TsetOnChromeBrowser-3] CopyPastSouceDemoProject:41 - Browser is opened
2022-10-15 23:40:38,718  INFO [TestNG-test=TsetOnChromeBrowser-3] CopyPastSouceDemoProject:45 - Browser is maximized
2022-10-15 23:40:39,913  INFO [TestNG-test=TsetOnChromeBrowser-3] CopyPastSouceDemoProject:48 - URL is opened
2022-10-15 23:40:40,625  INFO [TestNG-test=TsetOnChromeBrowser-3] CopyPastSouceDemoProject:57 - Username is entered
2022-10-15 23:40:40,942  INFO [TestNG-test=TsetOnChromeBrowser-3] CopyPastSouceDemoProject:60 - Password is entered
2022-10-15 23:40:41,269  INFO [TestNG-test=TsetOnChromeBrowser-3] CopyPastSouceDemoProject:63 - Clicked on login button
2022-10-15 23:40:41,982  INFO [TestNG-test=TsetOnChromeBrowser-3] CopyPastSouceDemoProject:26 - apply the validation
2022-10-15 23:42:35,312  INFO [TestNG-test=TsetOnChromeBrowser-3] CopyPastSouceDemoProject:41 - Browser is opened
2022-10-15 23:42:35,309  INFO [TestNG-test=TsetOnChromeBrowser-1] CopyPastSouceDemoProject:41 - Browser is opened
2022-10-15 23:42:35,306  INFO [TestNG-test=TsetOnChromeBrowser-2] CopyPastSouceDemoProject:41 - Browser is opened
2022-10-15 23:42:35,314  INFO [TestNG-test=TsetOnChromeBrowser-4] CopyPastSouceDemoProject:41 - Browser is opened
2022-10-15 23:42:35,671  INFO [TestNG-test=TsetOnChromeBrowser-4] CopyPastSouceDemoProject:45 - Browser is maximized
2022-10-15 23:42:36,456  INFO [TestNG-test=TsetOnChromeBrowser-1] CopyPastSouceDemoProject:45 - Browser is maximized
2022-10-15 23:42:36,637  INFO [TestNG-test=TsetOnChromeBrowser-3] CopyPastSouceDemoProject:45 - Browser is maximized
2022-10-15 23:42:36,641  INFO [TestNG-test=TsetOnChromeBrowser-2] CopyPastSouceDemoProject:45 - Browser is maximized
2022-10-15 23:42:38,887  INFO [TestNG-test=TsetOnChromeBrowser-4] CopyPastSouceDemoProject:48 - URL is opened
2022-10-15 23:42:40,762  INFO [TestNG-test=TsetOnChromeBrowser-3] CopyPastSouceDemoProject:48 - URL is opened
2022-10-15 23:42:40,798  INFO [TestNG-test=TsetOnChromeBrowser-2] CopyPastSouceDemoProject:48 - URL is opened
2022-10-15 23:42:40,938  INFO [TestNG-test=TsetOnChromeBrowser-1] CopyPastSouceDemoProject:48 - URL is opened
2022-10-15 23:42:43,085  INFO [TestNG-test=TsetOnChromeBrowser-4] CopyPastSouceDemoProject:57 - Username is entered
2022-10-15 23:42:43,728  INFO [TestNG-test=TsetOnChromeBrowser-2] CopyPastSouceDemoProject:57 - Username is entered
2022-10-15 23:42:43,951  INFO [TestNG-test=TsetOnChromeBrowser-3] CopyPastSouceDemoProject:57 - Username is entered
2022-10-15 23:42:44,232  INFO [TestNG-test=TsetOnChromeBrowser-1] CopyPastSouceDemoProject:57 - Username is entered
2022-10-15 23:42:44,269  INFO [TestNG-test=TsetOnChromeBrowser-4] CopyPastSouceDemoProject:60 - Password is entered
2022-10-15 23:42:46,436  INFO [TestNG-test=TsetOnChromeBrowser-2] CopyPastSouceDemoProject:60 - Password is entered
2022-10-15 23:42:46,898  INFO [TestNG-test=TsetOnChromeBrowser-3] CopyPastSouceDemoProject:60 - Password is entered
2022-10-15 23:42:47,987  INFO [TestNG-test=TsetOnChromeBrowser-1] CopyPastSouceDemoProject:60 - Password is entered
2022-10-15 23:42:49,321  INFO [TestNG-test=TsetOnChromeBrowser-4] CopyPastSouceDemoProject:63 - Clicked on login button
2022-10-15 23:42:50,373  INFO [TestNG-test=TsetOnChromeBrowser-2] CopyPastSouceDemoProject:63 - Clicked on login button
2022-10-15 23:42:51,029  INFO [TestNG-test=TsetOnChromeBrowser-4] CopyPastSouceDemoProject:19 - apply the validation
2022-10-15 23:42:51,079  INFO [TestNG-test=TsetOnChromeBrowser-3] CopyPastSouceDemoProject:63 - Clicked on login button
2022-10-15 23:42:51,389  INFO [TestNG-test=TsetOnChromeBrowser-1] CopyPastSouceDemoProject:63 - Clicked on login button
2022-10-15 23:42:52,045  INFO [TestNG-test=TsetOnChromeBrowser-2] CopyPastSouceDemoProject:22 - Bag product will get selected
2022-10-15 23:42:52,544  INFO [TestNG-test=TsetOnChromeBrowser-1] CopyPastSouceDemoProject:22 - All products will get selected
2022-10-15 23:42:52,723  INFO [TestNG-test=TsetOnChromeBrowser-3] CopyPastSouceDemoProject:18 - DropDown Perform Susscessfully
2022-10-15 23:42:52,767  INFO [TestNG-test=TsetOnChromeBrowser-2] CopyPastSouceDemoProject:29 - actual product->1
2022-10-15 23:42:52,768  INFO [TestNG-test=TsetOnChromeBrowser-2] CopyPastSouceDemoProject:31 - apply validation
2022-10-15 23:42:53,282  INFO [TestNG-test=TsetOnChromeBrowser-1] CopyPastSouceDemoProject:30 - actual product->3
2022-10-15 23:42:53,283  INFO [TestNG-test=TsetOnChromeBrowser-1] CopyPastSouceDemoProject:32 - apply validation
2022-10-15 23:42:53,371  INFO [TestNG-test=TsetOnChromeBrowser-3] CopyPastSouceDemoProject:28 - Actual Result of DropDown is-->Swag Labs
2022-10-15 23:42:53,372  INFO [TestNG-test=TsetOnChromeBrowser-3] CopyPastSouceDemoProject:29 - Apply Validation
2022-10-15 23:42:56,035  INFO [TestNG-test=TsetOnChromeBrowser-4] CopyPastSouceDemoProject:41 - Browser is opened
2022-10-15 23:42:56,500  INFO [TestNG-test=TsetOnChromeBrowser-4] CopyPastSouceDemoProject:45 - Browser is maximized
2022-10-15 23:42:57,564  INFO [TestNG-test=TsetOnChromeBrowser-4] CopyPastSouceDemoProject:48 - URL is opened
2022-10-15 23:42:58,224  INFO [TestNG-test=TsetOnChromeBrowser-4] CopyPastSouceDemoProject:57 - Username is entered
2022-10-15 23:42:58,456  INFO [TestNG-test=TsetOnChromeBrowser-4] CopyPastSouceDemoProject:60 - Password is entered
2022-10-15 23:42:58,740  INFO [TestNG-test=TsetOnChromeBrowser-4] CopyPastSouceDemoProject:63 - Clicked on login button
2022-10-15 23:44:02,151  INFO [TestNG-test=TsetOnChromeBrowser-2] CopyPastSouceDemoProject:41 - Browser is opened
2022-10-15 23:44:02,148  INFO [TestNG-test=TsetOnChromeBrowser-4] CopyPastSouceDemoProject:41 - Browser is opened
2022-10-15 23:44:02,148  INFO [TestNG-test=TsetOnChromeBrowser-1] CopyPastSouceDemoProject:41 - Browser is opened
2022-10-15 23:44:02,153  INFO [TestNG-test=TsetOnChromeBrowser-3] CopyPastSouceDemoProject:41 - Browser is opened
2022-10-15 23:44:02,757  INFO [TestNG-test=TsetOnChromeBrowser-2] CopyPastSouceDemoProject:45 - Browser is maximized
2022-10-15 23:44:03,085  INFO [TestNG-test=TsetOnChromeBrowser-3] CopyPastSouceDemoProject:45 - Browser is maximized
2022-10-15 23:44:03,125  INFO [TestNG-test=TsetOnChromeBrowser-1] CopyPastSouceDemoProject:45 - Browser is maximized
2022-10-15 23:44:03,396  INFO [TestNG-test=TsetOnChromeBrowser-4] CopyPastSouceDemoProject:45 - Browser is maximized
2022-10-15 23:44:06,088  INFO [TestNG-test=TsetOnChromeBrowser-2] CopyPastSouceDemoProject:48 - URL is opened
2022-10-15 23:44:06,191  INFO [TestNG-test=TsetOnChromeBrowser-3] CopyPastSouceDemoProject:48 - URL is opened
2022-10-15 23:44:06,250  INFO [TestNG-test=TsetOnChromeBrowser-1] CopyPastSouceDemoProject:48 - URL is opened
2022-10-15 23:44:07,018  INFO [TestNG-test=TsetOnChromeBrowser-4] CopyPastSouceDemoProject:48 - URL is opened
2022-10-15 23:44:08,777  INFO [TestNG-test=TsetOnChromeBrowser-2] CopyPastSouceDemoProject:57 - Username is entered
2022-10-15 23:44:08,834  INFO [TestNG-test=TsetOnChromeBrowser-3] CopyPastSouceDemoProject:57 - Username is entered
2022-10-15 23:44:08,845  INFO [TestNG-test=TsetOnChromeBrowser-1] CopyPastSouceDemoProject:57 - Username is entered
2022-10-15 23:44:08,915  INFO [TestNG-test=TsetOnChromeBrowser-4] CopyPastSouceDemoProject:57 - Username is entered
2022-10-15 23:44:09,535  INFO [TestNG-test=TsetOnChromeBrowser-2] CopyPastSouceDemoProject:60 - Password is entered
2022-10-15 23:44:09,557  INFO [TestNG-test=TsetOnChromeBrowser-1] CopyPastSouceDemoProject:60 - Password is entered
2022-10-15 23:44:09,557  INFO [TestNG-test=TsetOnChromeBrowser-4] CopyPastSouceDemoProject:60 - Password is entered
2022-10-15 23:44:09,578  INFO [TestNG-test=TsetOnChromeBrowser-3] CopyPastSouceDemoProject:60 - Password is entered
2022-10-15 23:44:10,675  INFO [TestNG-test=TsetOnChromeBrowser-3] CopyPastSouceDemoProject:63 - Clicked on login button
2022-10-15 23:44:10,955  INFO [TestNG-test=TsetOnChromeBrowser-1] CopyPastSouceDemoProject:63 - Clicked on login button
2022-10-15 23:44:11,169  INFO [TestNG-test=TsetOnChromeBrowser-4] CopyPastSouceDemoProject:63 - Clicked on login button
2022-10-15 23:44:11,182  INFO [TestNG-test=TsetOnChromeBrowser-2] CopyPastSouceDemoProject:63 - Clicked on login button
2022-10-15 23:44:12,668  INFO [TestNG-test=TsetOnChromeBrowser-4] CopyPastSouceDemoProject:19 - apply the validation
2022-10-15 23:44:13,732  INFO [TestNG-test=TsetOnChromeBrowser-2] CopyPastSouceDemoProject:22 - Bag product will get selected
2022-10-15 23:44:16,232  INFO [TestNG-test=TsetOnChromeBrowser-3] CopyPastSouceDemoProject:18 - DropDown Perform Susscessfully
2022-10-15 23:44:16,919  INFO [TestNG-test=TsetOnChromeBrowser-2] CopyPastSouceDemoProject:29 - actual product->1
2022-10-15 23:44:16,920  INFO [TestNG-test=TsetOnChromeBrowser-2] CopyPastSouceDemoProject:31 - apply validation
2022-10-15 23:44:18,015  INFO [TestNG-test=TsetOnChromeBrowser-1] CopyPastSouceDemoProject:22 - All products will get selected
2022-10-15 23:44:18,298  INFO [TestNG-test=TsetOnChromeBrowser-3] CopyPastSouceDemoProject:28 - Actual Result of DropDown is-->Swag Labs
2022-10-15 23:44:18,299  INFO [TestNG-test=TsetOnChromeBrowser-3] CopyPastSouceDemoProject:29 - Apply Validation
2022-10-15 23:44:19,068  INFO [TestNG-test=TsetOnChromeBrowser-1] CopyPastSouceDemoProject:30 - actual product->3
2022-10-15 23:44:19,069  INFO [TestNG-test=TsetOnChromeBrowser-1] CopyPastSouceDemoProject:32 - apply validation
2022-10-15 23:44:21,906  INFO [TestNG-test=TsetOnChromeBrowser-4] CopyPastSouceDemoProject:41 - Browser is opened
2022-10-15 23:44:22,116  INFO [TestNG-test=TsetOnChromeBrowser-4] CopyPastSouceDemoProject:45 - Browser is maximized
2022-10-15 23:44:23,567  INFO [TestNG-test=TsetOnChromeBrowser-4] CopyPastSouceDemoProject:48 - URL is opened
2022-10-15 23:44:24,133  INFO [TestNG-test=TsetOnChromeBrowser-4] CopyPastSouceDemoProject:57 - Username is entered
2022-10-15 23:44:24,428  INFO [TestNG-test=TsetOnChromeBrowser-4] CopyPastSouceDemoProject:60 - Password is entered
2022-10-15 23:44:24,747  INFO [TestNG-test=TsetOnChromeBrowser-4] CopyPastSouceDemoProject:63 - Clicked on login button
2022-10-15 23:44:25,417  INFO [TestNG-test=TsetOnChromeBrowser-4] CopyPastSouceDemoProject:26 - apply the validation
2022-10-15 23:47:32,058  INFO [TestNG-test=TsetOnChromeBrowser-2] CopyPastSouceDemoProject:41 - Browser is opened
2022-10-15 23:47:32,112  INFO [TestNG-test=TsetOnChromeBrowser-3] CopyPastSouceDemoProject:41 - Browser is opened
2022-10-15 23:47:32,109  INFO [TestNG-test=TsetOnChromeBrowser-1] CopyPastSouceDemoProject:41 - Browser is opened
2022-10-15 23:47:32,114  INFO [TestNG-test=TsetOnChromeBrowser-4] CopyPastSouceDemoProject:41 - Browser is opened
2022-10-15 23:47:32,845  INFO [TestNG-test=TsetOnChromeBrowser-2] CopyPastSouceDemoProject:45 - Browser is maximized
2022-10-15 23:47:33,519  INFO [TestNG-test=TsetOnChromeBrowser-3] CopyPastSouceDemoProject:45 - Browser is maximized
2022-10-15 23:47:33,545  INFO [TestNG-test=TsetOnChromeBrowser-1] CopyPastSouceDemoProject:45 - Browser is maximized
2022-10-15 23:47:33,903  INFO [TestNG-test=TsetOnChromeBrowser-4] CopyPastSouceDemoProject:45 - Browser is maximized
2022-10-15 23:47:36,194  INFO [TestNG-test=TsetOnChromeBrowser-2] CopyPastSouceDemoProject:48 - URL is opened
2022-10-15 23:47:36,849  INFO [TestNG-test=TsetOnChromeBrowser-1] CopyPastSouceDemoProject:48 - URL is opened
2022-10-15 23:47:37,355  INFO [TestNG-test=TsetOnChromeBrowser-3] CopyPastSouceDemoProject:48 - URL is opened
2022-10-15 23:47:38,611  INFO [TestNG-test=TsetOnChromeBrowser-4] CopyPastSouceDemoProject:48 - URL is opened
2022-10-15 23:47:39,794  INFO [TestNG-test=TsetOnChromeBrowser-1] CopyPastSouceDemoProject:57 - Username is entered
2022-10-15 23:47:39,905  INFO [TestNG-test=TsetOnChromeBrowser-2] CopyPastSouceDemoProject:57 - Username is entered
2022-10-15 23:47:40,287  INFO [TestNG-test=TsetOnChromeBrowser-3] CopyPastSouceDemoProject:57 - Username is entered
2022-10-15 23:47:40,610  INFO [TestNG-test=TsetOnChromeBrowser-4] CopyPastSouceDemoProject:57 - Username is entered
2022-10-15 23:47:40,984  INFO [TestNG-test=TsetOnChromeBrowser-1] CopyPastSouceDemoProject:60 - Password is entered
2022-10-15 23:47:41,140  INFO [TestNG-test=TsetOnChromeBrowser-2] CopyPastSouceDemoProject:60 - Password is entered
2022-10-15 23:47:41,325  INFO [TestNG-test=TsetOnChromeBrowser-3] CopyPastSouceDemoProject:60 - Password is entered
2022-10-15 23:47:41,644  INFO [TestNG-test=TsetOnChromeBrowser-4] CopyPastSouceDemoProject:60 - Password is entered
2022-10-15 23:47:42,806  INFO [TestNG-test=TsetOnChromeBrowser-3] CopyPastSouceDemoProject:63 - Clicked on login button
2022-10-15 23:47:43,730  INFO [TestNG-test=TsetOnChromeBrowser-2] CopyPastSouceDemoProject:63 - Clicked on login button
2022-10-15 23:47:44,050  INFO [TestNG-test=TsetOnChromeBrowser-1] CopyPastSouceDemoProject:63 - Clicked on login button
2022-10-15 23:47:45,705  INFO [TestNG-test=TsetOnChromeBrowser-4] CopyPastSouceDemoProject:63 - Clicked on login button
2022-10-15 23:47:47,410  INFO [TestNG-test=TsetOnChromeBrowser-2] CopyPastSouceDemoProject:22 - Bag product will get selected
2022-10-15 23:47:47,840  INFO [TestNG-test=TsetOnChromeBrowser-4] CopyPastSouceDemoProject:19 - apply the validation
2022-10-15 23:47:48,619  INFO [TestNG-test=TsetOnChromeBrowser-3] CopyPastSouceDemoProject:18 - DropDown Perform Susscessfully
2022-10-15 23:47:48,784  INFO [TestNG-test=TsetOnChromeBrowser-2] CopyPastSouceDemoProject:29 - actual product->1
2022-10-15 23:47:48,785  INFO [TestNG-test=TsetOnChromeBrowser-2] CopyPastSouceDemoProject:31 - apply validation
2022-10-15 23:47:48,866  INFO [TestNG-test=TsetOnChromeBrowser-1] CopyPastSouceDemoProject:22 - All products will get selected
2022-10-15 23:47:49,710  INFO [TestNG-test=TsetOnChromeBrowser-3] CopyPastSouceDemoProject:28 - Actual Result of DropDown is-->Name (A to Z)
Name (Z to A)
Price (low to high)
Price (high to low)
2022-10-15 23:47:49,711  INFO [TestNG-test=TsetOnChromeBrowser-3] CopyPastSouceDemoProject:29 - Apply Validation
2022-10-15 23:47:49,898  INFO [TestNG-test=TsetOnChromeBrowser-1] CopyPastSouceDemoProject:30 - actual product->3
2022-10-15 23:47:49,898  INFO [TestNG-test=TsetOnChromeBrowser-1] CopyPastSouceDemoProject:32 - apply validation
2022-10-15 23:47:52,746  INFO [TestNG-test=TsetOnChromeBrowser-1] CopyPastSouceDemoProject:41 - Browser is opened
2022-10-15 23:47:53,039  INFO [TestNG-test=TsetOnChromeBrowser-1] CopyPastSouceDemoProject:45 - Browser is maximized
2022-10-15 23:47:54,201  INFO [TestNG-test=TsetOnChromeBrowser-1] CopyPastSouceDemoProject:48 - URL is opened
2022-10-15 23:47:54,876  INFO [TestNG-test=TsetOnChromeBrowser-1] CopyPastSouceDemoProject:57 - Username is entered
2022-10-15 23:47:55,143  INFO [TestNG-test=TsetOnChromeBrowser-1] CopyPastSouceDemoProject:60 - Password is entered
2022-10-15 23:47:55,521  INFO [TestNG-test=TsetOnChromeBrowser-1] CopyPastSouceDemoProject:63 - Clicked on login button
2022-10-15 23:47:56,500  INFO [TestNG-test=TsetOnChromeBrowser-1] CopyPastSouceDemoProject:26 - apply the validation
2022-10-15 23:52:05,109  INFO [TestNG-test=TsetOnChromeBrowser-4] CopyPastSouceDemoProject:41 - Browser is opened
2022-10-15 23:52:05,111  INFO [TestNG-test=TsetOnChromeBrowser-1] CopyPastSouceDemoProject:41 - Browser is opened
2022-10-15 23:52:05,122  INFO [TestNG-test=TsetOnChromeBrowser-2] CopyPastSouceDemoProject:41 - Browser is opened
2022-10-15 23:52:05,324  INFO [TestNG-test=TsetOnChromeBrowser-3] CopyPastSouceDemoProject:41 - Browser is opened
2022-10-15 23:52:05,788  INFO [TestNG-test=TsetOnChromeBrowser-4] CopyPastSouceDemoProject:45 - Browser is maximized
2022-10-15 23:52:06,237  INFO [TestNG-test=TsetOnChromeBrowser-2] CopyPastSouceDemoProject:45 - Browser is maximized
2022-10-15 23:52:06,463  INFO [TestNG-test=TsetOnChromeBrowser-1] CopyPastSouceDemoProject:45 - Browser is maximized
2022-10-15 23:52:07,191  INFO [TestNG-test=TsetOnChromeBrowser-3] CopyPastSouceDemoProject:45 - Browser is maximized
2022-10-15 23:52:11,306  INFO [TestNG-test=TsetOnChromeBrowser-4] CopyPastSouceDemoProject:48 - URL is opened
2022-10-15 23:52:11,529  INFO [TestNG-test=TsetOnChromeBrowser-3] CopyPastSouceDemoProject:48 - URL is opened
2022-10-15 23:52:11,749  INFO [TestNG-test=TsetOnChromeBrowser-2] CopyPastSouceDemoProject:48 - URL is opened
2022-10-15 23:52:12,073  INFO [TestNG-test=TsetOnChromeBrowser-1] CopyPastSouceDemoProject:48 - URL is opened
2022-10-15 23:52:14,626  INFO [TestNG-test=TsetOnChromeBrowser-4] CopyPastSouceDemoProject:57 - Username is entered
2022-10-15 23:52:14,639  INFO [TestNG-test=TsetOnChromeBrowser-3] CopyPastSouceDemoProject:57 - Username is entered
2022-10-15 23:52:14,668  INFO [TestNG-test=TsetOnChromeBrowser-1] CopyPastSouceDemoProject:57 - Username is entered
2022-10-15 23:52:14,799  INFO [TestNG-test=TsetOnChromeBrowser-2] CopyPastSouceDemoProject:57 - Username is entered
2022-10-15 23:52:15,949  INFO [TestNG-test=TsetOnChromeBrowser-4] CopyPastSouceDemoProject:60 - Password is entered
2022-10-15 23:52:16,212  INFO [TestNG-test=TsetOnChromeBrowser-3] CopyPastSouceDemoProject:60 - Password is entered
2022-10-15 23:52:16,242  INFO [TestNG-test=TsetOnChromeBrowser-1] CopyPastSouceDemoProject:60 - Password is entered
2022-10-15 23:52:16,273  INFO [TestNG-test=TsetOnChromeBrowser-2] CopyPastSouceDemoProject:60 - Password is entered
2022-10-15 23:52:17,853  INFO [TestNG-test=TsetOnChromeBrowser-2] CopyPastSouceDemoProject:63 - Clicked on login button
2022-10-15 23:52:18,463  INFO [TestNG-test=TsetOnChromeBrowser-4] CopyPastSouceDemoProject:63 - Clicked on login button
2022-10-15 23:52:21,049  INFO [TestNG-test=TsetOnChromeBrowser-3] CopyPastSouceDemoProject:63 - Clicked on login button
2022-10-15 23:52:21,216  INFO [TestNG-test=TsetOnChromeBrowser-1] CopyPastSouceDemoProject:63 - Clicked on login button
2022-10-15 23:52:22,356  INFO [TestNG-test=TsetOnChromeBrowser-2] CopyPastSouceDemoProject:22 - Bag product will get selected
2022-10-15 23:52:22,552  INFO [TestNG-test=TsetOnChromeBrowser-4] CopyPastSouceDemoProject:19 - apply the validation
2022-10-15 23:52:22,835  INFO [TestNG-test=TsetOnChromeBrowser-3] CopyPastSouceDemoProject:18 - DropDown Perform Susscessfully
2022-10-15 23:52:23,136  INFO [TestNG-test=TsetOnChromeBrowser-1] CopyPastSouceDemoProject:22 - All products will get selected
2022-10-15 23:52:23,328  INFO [TestNG-test=TsetOnChromeBrowser-2] CopyPastSouceDemoProject:29 - actual product->1
2022-10-15 23:52:23,328  INFO [TestNG-test=TsetOnChromeBrowser-2] CopyPastSouceDemoProject:31 - apply validation
2022-10-15 23:52:23,733  INFO [TestNG-test=TsetOnChromeBrowser-3] CopyPastSouceDemoProject:28 - Actual Result of DropDown is-->Name (A to Z)
Name (Z to A)
Price (low to high)
Price (high to low)
2022-10-15 23:52:23,735  INFO [TestNG-test=TsetOnChromeBrowser-3] CopyPastSouceDemoProject:29 - Apply Validation
2022-10-15 23:52:24,250  INFO [TestNG-test=TsetOnChromeBrowser-1] CopyPastSouceDemoProject:30 - actual product->3
2022-10-15 23:52:24,250  INFO [TestNG-test=TsetOnChromeBrowser-1] CopyPastSouceDemoProject:32 - apply validation
2022-10-15 23:52:26,683  INFO [TestNG-test=TsetOnChromeBrowser-3] CopyPastSouceDemoProject:41 - Browser is opened
2022-10-15 23:52:26,906  INFO [TestNG-test=TsetOnChromeBrowser-3] CopyPastSouceDemoProject:45 - Browser is maximized
2022-10-15 23:52:28,026  INFO [TestNG-test=TsetOnChromeBrowser-3] CopyPastSouceDemoProject:48 - URL is opened
2022-10-15 23:52:28,488  INFO [TestNG-test=TsetOnChromeBrowser-3] CopyPastSouceDemoProject:57 - Username is entered
2022-10-15 23:52:28,712  INFO [TestNG-test=TsetOnChromeBrowser-3] CopyPastSouceDemoProject:60 - Password is entered
2022-10-15 23:52:29,085  INFO [TestNG-test=TsetOnChromeBrowser-3] CopyPastSouceDemoProject:63 - Clicked on login button
2022-10-15 23:52:30,339  INFO [TestNG-test=TsetOnChromeBrowser-3] CopyPastSouceDemoProject:26 - apply the validation
2022-10-15 23:55:56,686  INFO [TestNG-test=TsetOnChromeBrowser-2] CopyPastSouceDemoProject:41 - Browser is opened
2022-10-15 23:55:56,699  INFO [TestNG-test=TsetOnChromeBrowser-1] CopyPastSouceDemoProject:41 - Browser is opened
2022-10-15 23:55:56,697  INFO [TestNG-test=TsetOnChromeBrowser-4] CopyPastSouceDemoProject:41 - Browser is opened
2022-10-15 23:55:56,702  INFO [TestNG-test=TsetOnChromeBrowser-3] CopyPastSouceDemoProject:41 - Browser is opened
2022-10-15 23:55:57,277  INFO [TestNG-test=TsetOnChromeBrowser-1] CopyPastSouceDemoProject:45 - Browser is maximized
2022-10-15 23:55:57,712  INFO [TestNG-test=TsetOnChromeBrowser-2] CopyPastSouceDemoProject:45 - Browser is maximized
2022-10-15 23:55:57,773  INFO [TestNG-test=TsetOnChromeBrowser-4] CopyPastSouceDemoProject:45 - Browser is maximized
2022-10-15 23:55:57,938  INFO [TestNG-test=TsetOnChromeBrowser-3] CopyPastSouceDemoProject:45 - Browser is maximized
2022-10-15 23:56:00,408  INFO [TestNG-test=TsetOnChromeBrowser-1] CopyPastSouceDemoProject:48 - URL is opened
2022-10-15 23:56:00,924  INFO [TestNG-test=TsetOnChromeBrowser-2] CopyPastSouceDemoProject:48 - URL is opened
2022-10-15 23:56:01,639  INFO [TestNG-test=TsetOnChromeBrowser-3] CopyPastSouceDemoProject:48 - URL is opened
2022-10-15 23:56:01,909  INFO [TestNG-test=TsetOnChromeBrowser-4] CopyPastSouceDemoProject:48 - URL is opened
2022-10-15 23:56:03,783  INFO [TestNG-test=TsetOnChromeBrowser-1] CopyPastSouceDemoProject:57 - Username is entered
2022-10-15 23:56:03,997  INFO [TestNG-test=TsetOnChromeBrowser-2] CopyPastSouceDemoProject:57 - Username is entered
2022-10-15 23:56:04,115  INFO [TestNG-test=TsetOnChromeBrowser-4] CopyPastSouceDemoProject:57 - Username is entered
2022-10-15 23:56:04,126  INFO [TestNG-test=TsetOnChromeBrowser-3] CopyPastSouceDemoProject:57 - Username is entered
2022-10-15 23:56:04,332  INFO [TestNG-test=TsetOnChromeBrowser-1] CopyPastSouceDemoProject:60 - Password is entered
2022-10-15 23:56:04,602  INFO [TestNG-test=TsetOnChromeBrowser-2] CopyPastSouceDemoProject:60 - Password is entered
2022-10-15 23:56:04,616  INFO [TestNG-test=TsetOnChromeBrowser-4] CopyPastSouceDemoProject:60 - Password is entered
2022-10-15 23:56:04,626  INFO [TestNG-test=TsetOnChromeBrowser-3] CopyPastSouceDemoProject:60 - Password is entered
2022-10-15 23:56:05,362  INFO [TestNG-test=TsetOnChromeBrowser-1] CopyPastSouceDemoProject:63 - Clicked on login button
2022-10-15 23:56:07,035  INFO [TestNG-test=TsetOnChromeBrowser-4] CopyPastSouceDemoProject:63 - Clicked on login button
2022-10-15 23:56:07,151  INFO [TestNG-test=TsetOnChromeBrowser-2] CopyPastSouceDemoProject:63 - Clicked on login button
2022-10-15 23:56:07,328  INFO [TestNG-test=TsetOnChromeBrowser-3] CopyPastSouceDemoProject:63 - Clicked on login button
2022-10-15 23:56:08,774  INFO [TestNG-test=TsetOnChromeBrowser-4] CopyPastSouceDemoProject:19 - apply the validation
2022-10-15 23:56:09,954  INFO [TestNG-test=TsetOnChromeBrowser-2] CopyPastSouceDemoProject:22 - Bag product will get selected
2022-10-15 23:56:10,658  INFO [TestNG-test=TsetOnChromeBrowser-3] CopyPastSouceDemoProject:18 - DropDown Perform Susscessfully
2022-10-15 23:56:11,450  INFO [TestNG-test=TsetOnChromeBrowser-2] CopyPastSouceDemoProject:29 - actual product->1
2022-10-15 23:56:11,451  INFO [TestNG-test=TsetOnChromeBrowser-2] CopyPastSouceDemoProject:31 - apply validation
2022-10-15 23:56:11,773  INFO [TestNG-test=TsetOnChromeBrowser-1] CopyPastSouceDemoProject:22 - All products will get selected
2022-10-15 23:56:11,880  INFO [TestNG-test=TsetOnChromeBrowser-3] CopyPastSouceDemoProject:28 - Actual Result of DropDown is-->Name (A to Z)
Name (Z to A)
Price (low to high)
Price (high to low)<--
2022-10-15 23:56:11,881  INFO [TestNG-test=TsetOnChromeBrowser-3] CopyPastSouceDemoProject:29 - Apply Validation
2022-10-15 23:56:12,788  INFO [TestNG-test=TsetOnChromeBrowser-1] CopyPastSouceDemoProject:30 - actual product->3
2022-10-15 23:56:12,789  INFO [TestNG-test=TsetOnChromeBrowser-1] CopyPastSouceDemoProject:32 - apply validation
2022-10-15 23:56:15,734  INFO [TestNG-test=TsetOnChromeBrowser-4] CopyPastSouceDemoProject:41 - Browser is opened
2022-10-15 23:56:15,961  INFO [TestNG-test=TsetOnChromeBrowser-4] CopyPastSouceDemoProject:45 - Browser is maximized
2022-10-15 23:56:18,562  INFO [TestNG-test=TsetOnChromeBrowser-4] CopyPastSouceDemoProject:48 - URL is opened
2022-10-15 23:56:18,993  INFO [TestNG-test=TsetOnChromeBrowser-4] CopyPastSouceDemoProject:57 - Username is entered
2022-10-15 23:56:19,210  INFO [TestNG-test=TsetOnChromeBrowser-4] CopyPastSouceDemoProject:60 - Password is entered
2022-10-15 23:56:19,470  INFO [TestNG-test=TsetOnChromeBrowser-4] CopyPastSouceDemoProject:63 - Clicked on login button
2022-10-15 23:56:20,068  INFO [TestNG-test=TsetOnChromeBrowser-4] CopyPastSouceDemoProject:26 - apply the validation
2022-10-16 00:05:47,428  INFO [TestNG-test=TsetOnChromeBrowser-4] CopyPastSouceDemoProject:41 - Browser is opened
2022-10-16 00:05:47,425  INFO [TestNG-test=TsetOnChromeBrowser-2] CopyPastSouceDemoProject:41 - Browser is opened
2022-10-16 00:05:47,422  INFO [TestNG-test=TsetOnChromeBrowser-3] CopyPastSouceDemoProject:41 - Browser is opened
2022-10-16 00:05:47,431  INFO [TestNG-test=TsetOnChromeBrowser-1] CopyPastSouceDemoProject:41 - Browser is opened
2022-10-16 00:05:48,100  INFO [TestNG-test=TsetOnChromeBrowser-1] CopyPastSouceDemoProject:45 - Browser is maximized
2022-10-16 00:05:48,790  INFO [TestNG-test=TsetOnChromeBrowser-2] CopyPastSouceDemoProject:45 - Browser is maximized
2022-10-16 00:05:48,980  INFO [TestNG-test=TsetOnChromeBrowser-3] CopyPastSouceDemoProject:45 - Browser is maximized
2022-10-16 00:05:49,076  INFO [TestNG-test=TsetOnChromeBrowser-4] CopyPastSouceDemoProject:45 - Browser is maximized
2022-10-16 00:05:50,710  INFO [TestNG-test=TsetOnChromeBrowser-1] CopyPastSouceDemoProject:48 - URL is opened
2022-10-16 00:05:52,562  INFO [TestNG-test=TsetOnChromeBrowser-4] CopyPastSouceDemoProject:48 - URL is opened
2022-10-16 00:05:52,763  INFO [TestNG-test=TsetOnChromeBrowser-2] CopyPastSouceDemoProject:48 - URL is opened
2022-10-16 00:05:53,071  INFO [TestNG-test=TsetOnChromeBrowser-3] CopyPastSouceDemoProject:48 - URL is opened
2022-10-16 00:05:54,359  INFO [TestNG-test=TsetOnChromeBrowser-1] CopyPastSouceDemoProject:57 - Username is entered
2022-10-16 00:05:54,653  INFO [TestNG-test=TsetOnChromeBrowser-4] CopyPastSouceDemoProject:57 - Username is entered
2022-10-16 00:05:54,861  INFO [TestNG-test=TsetOnChromeBrowser-3] CopyPastSouceDemoProject:57 - Username is entered
2022-10-16 00:05:55,141  INFO [TestNG-test=TsetOnChromeBrowser-1] CopyPastSouceDemoProject:60 - Password is entered
2022-10-16 00:05:55,296  INFO [TestNG-test=TsetOnChromeBrowser-4] CopyPastSouceDemoProject:60 - Password is entered
2022-10-16 00:05:55,458  INFO [TestNG-test=TsetOnChromeBrowser-3] CopyPastSouceDemoProject:60 - Password is entered
2022-10-16 00:05:56,024  INFO [TestNG-test=TsetOnChromeBrowser-1] CopyPastSouceDemoProject:63 - Clicked on login button
2022-10-16 00:05:56,548  INFO [TestNG-test=TsetOnChromeBrowser-4] CopyPastSouceDemoProject:63 - Clicked on login button
2022-10-16 00:06:00,002  INFO [TestNG-test=TsetOnChromeBrowser-3] CopyPastSouceDemoProject:63 - Clicked on login button
2022-10-16 00:06:00,389  INFO [TestNG-test=TsetOnChromeBrowser-2] CopyPastSouceDemoProject:57 - Username is entered
2022-10-16 00:06:00,572  INFO [TestNG-test=TsetOnChromeBrowser-4] CopyPastSouceDemoProject:19 - apply the validation
2022-10-16 00:06:01,564  INFO [TestNG-test=TsetOnChromeBrowser-2] CopyPastSouceDemoProject:60 - Password is entered
2022-10-16 00:06:02,596  INFO [TestNG-test=TsetOnChromeBrowser-2] CopyPastSouceDemoProject:63 - Clicked on login button
2022-10-16 00:06:02,620  INFO [TestNG-test=TsetOnChromeBrowser-1] CopyPastSouceDemoProject:22 - All products will get selected
2022-10-16 00:06:02,718  INFO [TestNG-test=TsetOnChromeBrowser-3] CopyPastSouceDemoProject:18 - DropDown Perform Susscessfully
2022-10-16 00:06:03,901  INFO [TestNG-test=TsetOnChromeBrowser-1] CopyPastSouceDemoProject:30 - actual product->3
2022-10-16 00:06:03,902  INFO [TestNG-test=TsetOnChromeBrowser-1] CopyPastSouceDemoProject:32 - apply validation
2022-10-16 00:06:04,062  INFO [TestNG-test=TsetOnChromeBrowser-2] CopyPastSouceDemoProject:22 - Bag product will get selected
2022-10-16 00:06:04,293  INFO [TestNG-test=TsetOnChromeBrowser-3] CopyPastSouceDemoProject:28 - Actual Result of DropDown is-->Name (A to Z)
Name (Z to A)
Price (low to high)
Price (high to low)<--
2022-10-16 00:06:04,294  INFO [TestNG-test=TsetOnChromeBrowser-3] CopyPastSouceDemoProject:29 - Apply Validation
2022-10-16 00:06:04,753  INFO [TestNG-test=TsetOnChromeBrowser-2] CopyPastSouceDemoProject:29 - actual product->1
2022-10-16 00:06:04,754  INFO [TestNG-test=TsetOnChromeBrowser-2] CopyPastSouceDemoProject:31 - apply validation
2022-10-16 00:06:08,082  INFO [TestNG-test=TsetOnChromeBrowser-4] CopyPastSouceDemoProject:41 - Browser is opened
2022-10-16 00:06:08,329  INFO [TestNG-test=TsetOnChromeBrowser-4] CopyPastSouceDemoProject:45 - Browser is maximized
2022-10-16 00:06:09,482  INFO [TestNG-test=TsetOnChromeBrowser-4] CopyPastSouceDemoProject:48 - URL is opened
2022-10-16 00:06:10,116  INFO [TestNG-test=TsetOnChromeBrowser-4] CopyPastSouceDemoProject:57 - Username is entered
2022-10-16 00:06:10,357  INFO [TestNG-test=TsetOnChromeBrowser-4] CopyPastSouceDemoProject:60 - Password is entered
2022-10-16 00:06:10,870  INFO [TestNG-test=TsetOnChromeBrowser-4] CopyPastSouceDemoProject:63 - Clicked on login button
2022-10-16 00:06:11,553  INFO [TestNG-test=TsetOnChromeBrowser-4] CopyPastSouceDemoProject:26 - apply the validation
2022-10-16 00:13:25,990  INFO [TestNG-test=TsetOnChromeBrowser-4] CopyPastSouceDemoProject:41 - Browser is opened
2022-10-16 00:13:25,988  INFO [TestNG-test=TsetOnChromeBrowser-2] CopyPastSouceDemoProject:41 - Browser is opened
2022-10-16 00:13:25,985  INFO [TestNG-test=TsetOnChromeBrowser-1] CopyPastSouceDemoProject:41 - Browser is opened
2022-10-16 00:13:25,993  INFO [TestNG-test=TsetOnChromeBrowser-3] CopyPastSouceDemoProject:41 - Browser is opened
2022-10-16 00:13:27,069  INFO [TestNG-test=TsetOnChromeBrowser-3] CopyPastSouceDemoProject:45 - Browser is maximized
2022-10-16 00:13:27,070  INFO [TestNG-test=TsetOnChromeBrowser-4] CopyPastSouceDemoProject:45 - Browser is maximized
2022-10-16 00:13:27,080  INFO [TestNG-test=TsetOnChromeBrowser-1] CopyPastSouceDemoProject:45 - Browser is maximized
2022-10-16 00:13:27,234  INFO [TestNG-test=TsetOnChromeBrowser-2] CopyPastSouceDemoProject:45 - Browser is maximized
2022-10-16 00:13:31,725  INFO [TestNG-test=TsetOnChromeBrowser-1] CopyPastSouceDemoProject:48 - URL is opened
2022-10-16 00:13:31,857  INFO [TestNG-test=TsetOnChromeBrowser-3] CopyPastSouceDemoProject:48 - URL is opened
2022-10-16 00:13:31,865  INFO [TestNG-test=TsetOnChromeBrowser-4] CopyPastSouceDemoProject:48 - URL is opened
2022-10-16 00:13:33,100  INFO [TestNG-test=TsetOnChromeBrowser-2] CopyPastSouceDemoProject:48 - URL is opened
2022-10-16 00:13:35,067  INFO [TestNG-test=TsetOnChromeBrowser-1] CopyPastSouceDemoProject:57 - Username is entered
2022-10-16 00:13:35,086  INFO [TestNG-test=TsetOnChromeBrowser-3] CopyPastSouceDemoProject:57 - Username is entered
2022-10-16 00:13:35,104  INFO [TestNG-test=TsetOnChromeBrowser-2] CopyPastSouceDemoProject:57 - Username is entered
2022-10-16 00:13:35,111  INFO [TestNG-test=TsetOnChromeBrowser-4] CopyPastSouceDemoProject:57 - Username is entered
2022-10-16 00:13:35,408  INFO [TestNG-test=TsetOnChromeBrowser-1] CopyPastSouceDemoProject:60 - Password is entered
2022-10-16 00:13:35,807  INFO [TestNG-test=TsetOnChromeBrowser-4] CopyPastSouceDemoProject:60 - Password is entered
2022-10-16 00:13:35,891  INFO [TestNG-test=TsetOnChromeBrowser-3] CopyPastSouceDemoProject:60 - Password is entered
2022-10-16 00:13:35,942  INFO [TestNG-test=TsetOnChromeBrowser-2] CopyPastSouceDemoProject:60 - Password is entered
2022-10-16 00:13:37,386  INFO [TestNG-test=TsetOnChromeBrowser-2] CopyPastSouceDemoProject:63 - Clicked on login button
2022-10-16 00:13:37,749  INFO [TestNG-test=TsetOnChromeBrowser-4] CopyPastSouceDemoProject:63 - Clicked on login button
2022-10-16 00:13:38,206  INFO [TestNG-test=TsetOnChromeBrowser-1] CopyPastSouceDemoProject:63 - Clicked on login button
2022-10-16 00:13:38,442  INFO [TestNG-test=TsetOnChromeBrowser-3] CopyPastSouceDemoProject:63 - Clicked on login button
2022-10-16 00:13:42,905  INFO [TestNG-test=TsetOnChromeBrowser-4] CopyPastSouceDemoProject:19 - apply the validation
2022-10-16 00:13:44,058  INFO [TestNG-test=TsetOnChromeBrowser-2] CopyPastSouceDemoProject:22 - Bag product will get selected
2022-10-16 00:13:44,195  INFO [TestNG-test=TsetOnChromeBrowser-1] CopyPastSouceDemoProject:22 - All products will get selected
2022-10-16 00:13:45,044  INFO [TestNG-test=TsetOnChromeBrowser-2] CopyPastSouceDemoProject:29 - actual product->1
2022-10-16 00:13:45,045  INFO [TestNG-test=TsetOnChromeBrowser-2] CopyPastSouceDemoProject:31 - apply validation
2022-10-16 00:13:45,046  INFO [TestNG-test=TsetOnChromeBrowser-1] CopyPastSouceDemoProject:30 - actual product->3
2022-10-16 00:13:45,055  INFO [TestNG-test=TsetOnChromeBrowser-1] CopyPastSouceDemoProject:32 - apply validation
2022-10-16 00:13:45,579  INFO [TestNG-test=TsetOnChromeBrowser-3] CopyPastSouceDemoProject:20 - DropDown Perform Susscessfully
2022-10-16 00:13:46,399  INFO [TestNG-test=TsetOnChromeBrowser-3] CopyPastSouceDemoProject:29 - Actual Result of DropDown is-->Name (A to Z)
Name (Z to A)
Price (low to high)
Price (high to low)<--
2022-10-16 00:13:46,399  INFO [TestNG-test=TsetOnChromeBrowser-3] CopyPastSouceDemoProject:30 - Apply Validation
2022-10-16 00:13:48,311  INFO [TestNG-test=TsetOnChromeBrowser-4] CopyPastSouceDemoProject:41 - Browser is opened
2022-10-16 00:13:48,651  INFO [TestNG-test=TsetOnChromeBrowser-4] CopyPastSouceDemoProject:45 - Browser is maximized
2022-10-16 00:13:49,991  INFO [TestNG-test=TsetOnChromeBrowser-4] CopyPastSouceDemoProject:48 - URL is opened
2022-10-16 00:13:50,586  INFO [TestNG-test=TsetOnChromeBrowser-4] CopyPastSouceDemoProject:57 - Username is entered
2022-10-16 00:13:50,838  INFO [TestNG-test=TsetOnChromeBrowser-4] CopyPastSouceDemoProject:60 - Password is entered
2022-10-16 00:13:51,190  INFO [TestNG-test=TsetOnChromeBrowser-4] CopyPastSouceDemoProject:63 - Clicked on login button
2022-10-16 00:13:52,413  INFO [TestNG-test=TsetOnChromeBrowser-4] CopyPastSouceDemoProject:26 - apply the validation
2022-10-16 00:15:49,907  INFO [TestNG-test=TsetOnChromeBrowser(failed)-1] CopyPastSouceDemoProject:41 - Browser is opened
2022-10-16 00:15:49,929  INFO [TestNG-test=TsetOnChromeBrowser(failed)-2] CopyPastSouceDemoProject:41 - Browser is opened
2022-10-16 00:15:50,324  INFO [TestNG-test=TsetOnChromeBrowser(failed)-2] CopyPastSouceDemoProject:45 - Browser is maximized
2022-10-16 00:15:50,423  INFO [TestNG-test=TsetOnChromeBrowser(failed)-1] CopyPastSouceDemoProject:45 - Browser is maximized
2022-10-16 00:15:51,634  INFO [TestNG-test=TsetOnChromeBrowser(failed)-2] CopyPastSouceDemoProject:48 - URL is opened
2022-10-16 00:15:51,751  INFO [TestNG-test=TsetOnChromeBrowser(failed)-1] CopyPastSouceDemoProject:48 - URL is opened
2022-10-16 00:15:52,994  INFO [TestNG-test=TsetOnChromeBrowser(failed)-2] CopyPastSouceDemoProject:57 - Username is entered
2022-10-16 00:15:53,065  INFO [TestNG-test=TsetOnChromeBrowser(failed)-1] CopyPastSouceDemoProject:57 - Username is entered
2022-10-16 00:15:53,418  INFO [TestNG-test=TsetOnChromeBrowser(failed)-2] CopyPastSouceDemoProject:60 - Password is entered
2022-10-16 00:15:53,637  INFO [TestNG-test=TsetOnChromeBrowser(failed)-1] CopyPastSouceDemoProject:60 - Password is entered
2022-10-16 00:15:54,390  INFO [TestNG-test=TsetOnChromeBrowser(failed)-1] CopyPastSouceDemoProject:63 - Clicked on login button
2022-10-16 00:15:55,254  INFO [TestNG-test=TsetOnChromeBrowser(failed)-2] CopyPastSouceDemoProject:63 - Clicked on login button
2022-10-16 00:15:56,847  INFO [TestNG-test=TsetOnChromeBrowser(failed)-1] CopyPastSouceDemoProject:22 - All products will get selected
2022-10-16 00:15:57,179  INFO [TestNG-test=TsetOnChromeBrowser(failed)-2] CopyPastSouceDemoProject:20 - DropDown Perform Susscessfully
2022-10-16 00:15:58,295  INFO [TestNG-test=TsetOnChromeBrowser(failed)-2] CopyPastSouceDemoProject:32 - Actual Result of DropDown is-->Name (A to Z)
Name (Z to A)
Price (low to high)
Price (high to low)<--
2022-10-16 00:15:58,296  INFO [TestNG-test=TsetOnChromeBrowser(failed)-2] CopyPastSouceDemoProject:33 - Apply Validation
2022-10-16 00:15:59,033  INFO [TestNG-test=TsetOnChromeBrowser(failed)-1] CopyPastSouceDemoProject:30 - actual product->3
2022-10-16 00:15:59,033  INFO [TestNG-test=TsetOnChromeBrowser(failed)-1] CopyPastSouceDemoProject:32 - apply validation
2022-10-16 00:19:43,090  INFO [TestNG-test=TsetOnChromeBrowser(failed)(failed)-1] CopyPastSouceDemoProject:41 - Browser is opened
2022-10-16 00:19:43,092  INFO [TestNG-test=TsetOnChromeBrowser(failed)(failed)-2] CopyPastSouceDemoProject:41 - Browser is opened
2022-10-16 00:19:43,432  INFO [TestNG-test=TsetOnChromeBrowser(failed)(failed)-2] CopyPastSouceDemoProject:45 - Browser is maximized
2022-10-16 00:19:43,432  INFO [TestNG-test=TsetOnChromeBrowser(failed)(failed)-1] CopyPastSouceDemoProject:45 - Browser is maximized
2022-10-16 00:19:45,298  INFO [TestNG-test=TsetOnChromeBrowser(failed)(failed)-2] CopyPastSouceDemoProject:48 - URL is opened
2022-10-16 00:19:45,318  INFO [TestNG-test=TsetOnChromeBrowser(failed)(failed)-1] CopyPastSouceDemoProject:48 - URL is opened
2022-10-16 00:19:47,076  INFO [TestNG-test=TsetOnChromeBrowser(failed)(failed)-2] CopyPastSouceDemoProject:57 - Username is entered
2022-10-16 00:19:47,086  INFO [TestNG-test=TsetOnChromeBrowser(failed)(failed)-1] CopyPastSouceDemoProject:57 - Username is entered
2022-10-16 00:19:47,550  INFO [TestNG-test=TsetOnChromeBrowser(failed)(failed)-2] CopyPastSouceDemoProject:60 - Password is entered
2022-10-16 00:19:47,562  INFO [TestNG-test=TsetOnChromeBrowser(failed)(failed)-1] CopyPastSouceDemoProject:60 - Password is entered
2022-10-16 00:19:48,796  INFO [TestNG-test=TsetOnChromeBrowser(failed)(failed)-1] CopyPastSouceDemoProject:63 - Clicked on login button
2022-10-16 00:19:49,014  INFO [TestNG-test=TsetOnChromeBrowser(failed)(failed)-2] CopyPastSouceDemoProject:63 - Clicked on login button
2022-10-16 00:19:51,654  INFO [TestNG-test=TsetOnChromeBrowser(failed)(failed)-2] CopyPastSouceDemoProject:20 - DropDown Perform Susscessfully
2022-10-16 00:19:52,273  INFO [TestNG-test=TsetOnChromeBrowser(failed)(failed)-1] CopyPastSouceDemoProject:22 - All products will get selected
2022-10-16 00:19:52,860  INFO [TestNG-test=TsetOnChromeBrowser(failed)(failed)-2] CopyPastSouceDemoProject:29 - Actual Result of DropDown is-->Name (A to Z)
Name (Z to A)
Price (low to high)
Price (high to low)<--
2022-10-16 00:19:52,861  INFO [TestNG-test=TsetOnChromeBrowser(failed)(failed)-2] CopyPastSouceDemoProject:30 - Apply Validation
2022-10-16 00:19:53,082  INFO [TestNG-test=TsetOnChromeBrowser(failed)(failed)-1] CopyPastSouceDemoProject:30 - actual product->3
2022-10-16 00:19:53,083  INFO [TestNG-test=TsetOnChromeBrowser(failed)(failed)-1] CopyPastSouceDemoProject:32 - apply validation
2022-10-16 00:22:09,802  INFO [TestNG-test=TsetOnChromeBrowser(failed)(failed)(failed)-2] CopyPastSouceDemoProject:41 - Browser is opened
2022-10-16 00:22:09,806  INFO [TestNG-test=TsetOnChromeBrowser(failed)(failed)(failed)-1] CopyPastSouceDemoProject:41 - Browser is opened
2022-10-16 00:22:10,172  INFO [TestNG-test=TsetOnChromeBrowser(failed)(failed)(failed)-2] CopyPastSouceDemoProject:45 - Browser is maximized
2022-10-16 00:22:10,351  INFO [TestNG-test=TsetOnChromeBrowser(failed)(failed)(failed)-1] CopyPastSouceDemoProject:45 - Browser is maximized
2022-10-16 00:22:12,117  INFO [TestNG-test=TsetOnChromeBrowser(failed)(failed)(failed)-1] CopyPastSouceDemoProject:48 - URL is opened
2022-10-16 00:22:12,308  INFO [TestNG-test=TsetOnChromeBrowser(failed)(failed)(failed)-2] CopyPastSouceDemoProject:48 - URL is opened
2022-10-16 00:22:13,218  INFO [TestNG-test=TsetOnChromeBrowser(failed)(failed)(failed)-2] CopyPastSouceDemoProject:57 - Username is entered
2022-10-16 00:22:13,287  INFO [TestNG-test=TsetOnChromeBrowser(failed)(failed)(failed)-1] CopyPastSouceDemoProject:57 - Username is entered
2022-10-16 00:22:13,608  INFO [TestNG-test=TsetOnChromeBrowser(failed)(failed)(failed)-2] CopyPastSouceDemoProject:60 - Password is entered
2022-10-16 00:22:13,730  INFO [TestNG-test=TsetOnChromeBrowser(failed)(failed)(failed)-1] CopyPastSouceDemoProject:60 - Password is entered
2022-10-16 00:22:14,795  INFO [TestNG-test=TsetOnChromeBrowser(failed)(failed)(failed)-2] CopyPastSouceDemoProject:63 - Clicked on login button
2022-10-16 00:22:15,558  INFO [TestNG-test=TsetOnChromeBrowser(failed)(failed)(failed)-1] CopyPastSouceDemoProject:63 - Clicked on login button
2022-10-16 00:22:17,447  INFO [TestNG-test=TsetOnChromeBrowser(failed)(failed)(failed)-2] CopyPastSouceDemoProject:20 - DropDown Perform Susscessfully
2022-10-16 00:22:17,669  INFO [TestNG-test=TsetOnChromeBrowser(failed)(failed)(failed)-1] CopyPastSouceDemoProject:22 - All products will get selected
2022-10-16 00:22:18,156  INFO [TestNG-test=TsetOnChromeBrowser(failed)(failed)(failed)-2] CopyPastSouceDemoProject:32 - Actual Result of DropDown is-->Name (A to Z)
Name (Z to A)
Price (low to high)
Price (high to low)<--
2022-10-16 00:22:18,156  INFO [TestNG-test=TsetOnChromeBrowser(failed)(failed)(failed)-2] CopyPastSouceDemoProject:33 - Apply Validation
2022-10-16 00:22:18,590  INFO [TestNG-test=TsetOnChromeBrowser(failed)(failed)(failed)-1] CopyPastSouceDemoProject:30 - actual product->3
2022-10-16 00:22:18,590  INFO [TestNG-test=TsetOnChromeBrowser(failed)(failed)(failed)-1] CopyPastSouceDemoProject:32 - apply validation
